Using pre-set license
Built from '2022.3/staging' branch; Version is '2022.3.6f1 (b9e6e7e9fa2d) revision 12183271'; Using compiler version '192829333'; Build Type 'Release'
OS: 'Windows 11  (10.0.22631) 64bit Core' Language: 'zh' Physical Memory: 32435 MB
BatchMode: 1, IsHumanControllingUs: 0, StartBugReporterOnCrash: 0, Is64bit: 1, IsPro: 1

COMMAND LINE ARGUMENTS:
C:\Program Files\Unity\Hub\Editor\2022.3.6f1\Editor\Unity.exe
-adb2
-batchMode
-noUpm
-name
AssetImportWorker2
-projectPath
C:/Users/ljy10/RenduDevoirUnity
-logFile
Logs/AssetImportWorker2.log
-srvPort
64400
Successfully changed project path to: C:/Users/ljy10/RenduDevoirUnity
C:/Users/ljy10/RenduDevoirUnity
[UnityMemory] Configuration Parameters - Can be set up in boot.config
    "memorysetup-bucket-allocator-granularity=16"
    "memorysetup-bucket-allocator-bucket-count=8"
    "memorysetup-bucket-allocator-block-size=33554432"
    "memorysetup-bucket-allocator-block-count=8"
    "memorysetup-main-allocator-block-size=16777216"
    "memorysetup-thread-allocator-block-size=16777216"
    "memorysetup-gfx-main-allocator-block-size=16777216"
    "memorysetup-gfx-thread-allocator-block-size=16777216"
    "memorysetup-cache-allocator-block-size=4194304"
    "memorysetup-typetree-allocator-block-size=2097152"
    "memorysetup-profiler-bucket-allocator-granularity=16"
    "memorysetup-profiler-bucket-allocator-bucket-count=8"
    "memorysetup-profiler-bucket-allocator-block-size=33554432"
    "memorysetup-profiler-bucket-allocator-block-count=8"
    "memorysetup-profiler-allocator-block-size=16777216"
    "memorysetup-profiler-editor-allocator-block-size=1048576"
    "memorysetup-temp-allocator-size-main=16777216"
    "memorysetup-job-temp-allocator-block-size=2097152"
    "memorysetup-job-temp-allocator-block-size-background=1048576"
    "memorysetup-job-temp-allocator-reduction-small-platforms=262144"
    "memorysetup-allocator-temp-initial-block-size-main=262144"
    "memorysetup-allocator-temp-initial-block-size-worker=262144"
    "memorysetup-temp-allocator-size-background-worker=32768"
    "memorysetup-temp-allocator-size-job-worker=262144"
    "memorysetup-temp-allocator-size-preload-manager=33554432"
    "memorysetup-temp-allocator-size-nav-mesh-worker=65536"
    "memorysetup-temp-allocator-size-audio-worker=65536"
    "memorysetup-temp-allocator-size-cloud-worker=32768"
    "memorysetup-temp-allocator-size-gi-baking-worker=262144"
    "memorysetup-temp-allocator-size-gfx=262144"
Player connection [33980] Host "[IP] 192.168.1.25 [Port] 0 [Flags] 2 [Guid] 2069697213 [EditorId] 2069697213 [Version] 1048832 [Id] WindowsEditor(7,LUO-Jingyi) [Debug] 1 [PackageName] WindowsEditor [ProjectName] Editor" joined multi-casting on [225.0.0.222:54997]...

Player connection [33980] Host "[IP] 192.168.1.25 [Port] 0 [Flags] 2 [Guid] 2069697213 [EditorId] 2069697213 [Version] 1048832 [Id] WindowsEditor(7,LUO-Jingyi) [Debug] 1 [PackageName] WindowsEditor [ProjectName] Editor" joined alternative multi-casting on [225.0.0.222:34997]...

Refreshing native plugins compatible for Editor in 17.56 ms, found 3 plugins.
Preloading 0 native plugins for Editor in 0.00 ms.
Initialize engine version: 2022.3.6f1 (b9e6e7e9fa2d)
[Subsystems] Discovering subsystems at path C:/Program Files/Unity/Hub/Editor/2022.3.6f1/Editor/Data/Resources/UnitySubsystems
[Subsystems] Discovering subsystems at path C:/Users/ljy10/RenduDevoirUnity/Assets
GfxDevice: creating device client; threaded=0; jobified=0
Direct3D:
    Version:  Direct3D 11.0 [level 11.1]
    Renderer: NVIDIA GeForce RTX 3070 Ti Laptop GPU (ID=0x24e0)
    Vendor:   NVIDIA
    VRAM:     8032 MB
    Driver:   31.0.15.4665
Initialize mono
Mono path[0] = 'C:/Program Files/Unity/Hub/Editor/2022.3.6f1/Editor/Data/Managed'
Mono path[1] = 'C:/Program Files/Unity/Hub/Editor/2022.3.6f1/Editor/Data/MonoBleedingEdge/lib/mono/unityjit-win32'
Mono config path = 'C:/Program Files/Unity/Hub/Editor/2022.3.6f1/Editor/Data/MonoBleedingEdge/etc'
Using monoOptions --debugger-agent=transport=dt_socket,embedding=1,server=y,suspend=n,address=127.0.0.1:56044
Begin MonoManager ReloadAssembly
Registering precompiled unity dll's ...
Register platform support module: C:/Program Files/Unity/Hub/Editor/2022.3.6f1/Editor/Data/PlaybackEngines/WindowsStandaloneSupport/UnityEditor.WindowsStandalone.Extensions.dll
Registered in 0.006496 seconds.
- Loaded All Assemblies, in  0.358 seconds
Native extension for WindowsStandalone target not found
Mono: successfully reloaded assembly
- Finished resetting the current domain, in  0.194 seconds
Domain Reload Profiling: 550ms
	BeginReloadAssembly (123ms)
		ExecutionOrderSort (0ms)
		DisableScriptedObjects (0ms)
		BackupInstance (0ms)
		ReleaseScriptingObjects (0ms)
		CreateAndSetChildDomain (1ms)
	RebuildCommonClasses (30ms)
	RebuildNativeTypeToScriptingClass (7ms)
	initialDomainReloadingComplete (63ms)
	LoadAllAssembliesAndSetupDomain (133ms)
		LoadAssemblies (119ms)
		RebuildTransferFunctionScriptingTraits (0ms)
		AnalyzeDomain (125ms)
			TypeCache.Refresh (124ms)
				TypeCache.ScanAssembly (111ms)
			ScanForSourceGeneratedMonoScriptInfo (1ms)
			ResolveRequiredComponents (0ms)
	FinalizeReload (194ms)
		ReleaseScriptCaches (0ms)
		RebuildScriptCaches (0ms)
		SetupLoadedEditorAssemblies (152ms)
			LogAssemblyErrors (0ms)
			InitializePlatformSupportModulesInManaged (6ms)
			SetLoadedEditorAssemblies (6ms)
			RefreshPlugins (0ms)
			BeforeProcessingInitializeOnLoad (2ms)
			ProcessInitializeOnLoadAttributes (103ms)
			ProcessInitializeOnLoadMethodAttributes (35ms)
			AfterProcessingInitializeOnLoad (0ms)
			EditorAssembliesLoaded (0ms)
		ExecutionOrderSort2 (0ms)
		AwakeInstancesAfterBackupRestoration (0ms)
========================================================================
Worker process is ready to serve import requests
Begin MonoManager ReloadAssembly
Symbol file LoadedFromMemory doesn't match image C:\Users\ljy10\RenduDevoirUnity\Library\PackageCache\com.unity.visualscripting@1.8.0\Editor\VisualScripting.Core\Dependencies\YamlDotNet\Unity.VisualScripting.YamlDotNet.dll
Symbol file LoadedFromMemory doesn't match image C:\Users\ljy10\RenduDevoirUnity\Library\PackageCache\com.unity.visualscripting@1.8.0\Editor\VisualScripting.Core\Dependencies\DotNetZip\Unity.VisualScripting.IonicZip.dll
- Loaded All Assemblies, in  0.714 seconds
Refreshing native plugins compatible for Editor in 3.53 ms, found 3 plugins.
Native extension for WindowsStandalone target not found
Package Manager log level set to [2]
[Package Manager] Server::EnsureServerProcessIsRunning -- launch failed, reason: Unity was launched with the -noUpm command-line argument
[Package Manager] UpmClient::Send -- Unable to send message (not connected to UPM process).
[Package Manager] Cannot connect to Unity Package Manager local server
Mono: successfully reloaded assembly
- Finished resetting the current domain, in  0.451 seconds
Domain Reload Profiling: 1156ms
	BeginReloadAssembly (93ms)
		ExecutionOrderSort (0ms)
		DisableScriptedObjects (3ms)
		BackupInstance (0ms)
		ReleaseScriptingObjects (0ms)
		CreateAndSetChildDomain (14ms)
	RebuildCommonClasses (21ms)
	RebuildNativeTypeToScriptingClass (7ms)
	initialDomainReloadingComplete (30ms)
	LoadAllAssembliesAndSetupDomain (553ms)
		LoadAssemblies (293ms)
		RebuildTransferFunctionScriptingTraits (0ms)
		AnalyzeDomain (297ms)
			TypeCache.Refresh (278ms)
				TypeCache.ScanAssembly (268ms)
			ScanForSourceGeneratedMonoScriptInfo (16ms)
			ResolveRequiredComponents (3ms)
	FinalizeReload (452ms)
		ReleaseScriptCaches (0ms)
		RebuildScriptCaches (0ms)
		SetupLoadedEditorAssemblies (341ms)
			LogAssemblyErrors (0ms)
			InitializePlatformSupportModulesInManaged (4ms)
			SetLoadedEditorAssemblies (2ms)
			RefreshPlugins (0ms)
			BeforeProcessingInitializeOnLoad (47ms)
			ProcessInitializeOnLoadAttributes (230ms)
			ProcessInitializeOnLoadMethodAttributes (50ms)
			AfterProcessingInitializeOnLoad (8ms)
			EditorAssembliesLoaded (0ms)
		ExecutionOrderSort2 (0ms)
		AwakeInstancesAfterBackupRestoration (5ms)
Launched and connected shader compiler UnityShaderCompiler.exe after 0.05 seconds
Refreshing native plugins compatible for Editor in 3.83 ms, found 3 plugins.
Preloading 0 native plugins for Editor in 0.00 ms.
Unloading 4153 Unused Serialized files (Serialized files now loaded: 0)
Unloading 42 unused Assets / (344.7 KB). Loaded Objects now: 4614.
Memory consumption went from 144.3 MB to 144.0 MB.
Total: 2.599800 ms (FindLiveObjects: 0.214300 ms CreateObjectMapping: 0.116000 ms MarkObjects: 2.132300 ms  DeleteObjects: 0.135900 ms)

AssetImportParameters requested are different than current active one (requested -> active):
  custom:container-demuxer-ogg: 62fdf1f143b41e24485cea50d1cbac27 -> 
  custom:video-codec-MediaFoundation-h265: 746d11721c4dcdbdad8f713fa42b33f4 -> 
  custom:video-decoder-ogg-theora: a1e56fd34408186e4bbccfd4996cb3dc -> 
  custom:framework-win-MediaFoundation: 216162199b28c13a410421893ffa2e32 -> 
  custom:CustomObjectIndexerAttribute: 756ad292c208cfabdd7b50bc23989ffe -> 
  custom:container-demuxer-webm: 4f35f7cbe854078d1ac9338744f61a02 -> 
  custom:container-muxer-webm: aa71ff27fc2769a1b78a27578f13a17b -> 
  custom:video-decoder-webm-vp8: 9c59270c3fd7afecdb556c50c9e8de78 -> 
  custom:SearchIndexIgnoredProperties: e643bd26f0fe6173181afceb89e7c659 -> 
  custom:AudioImporter_EditorPlatform: d09bf68614088b80899f8185d706f6e7 -> 
  custom:video-encoder-webm-vp8: eb34c28f22e8b96e1ab97ce403110664 -> 
  custom:audio-decoder-ogg-vorbis: bf7c407c2cedff20999df2af8eb42d56 -> 
  custom:audio-encoder-webm-vorbis: bf7c407c2cedff20999df2af8eb42d56 -> 
========================================================================
Received Import Request.
  Time since last request: 134115.303773 seconds.
  path: Assets/Shader/Toon.shadergraph
  artifactKey: Guid(42195f81009d2af4aaedfe3cb36a4ab8) Importer(815301076,1909f56bfc062723c751e8b465ee728b)
Start importing Assets/Shader/Toon.shadergraph using Guid(42195f81009d2af4aaedfe3cb36a4ab8) Importer(815301076,1909f56bfc062723c751e8b465ee728b)  -> (artifact id: '19479e448d6581826b55a1e4911ef425') in 0.318668 seconds
Number of updated asset objects reloaded before import = 0
Number of asset objects unloaded after import = 2
========================================================================
Received Import Request.
  Time since last request: 95.093965 seconds.
  path: Assets/Shader/ToonShader.shader
  artifactKey: Guid(569d4b0f5c35c5441aa3ac52af04e3cf) Importer(815301076,1909f56bfc062723c751e8b465ee728b)
Start importing Assets/Shader/ToonShader.shader using Guid(569d4b0f5c35c5441aa3ac52af04e3cf) Importer(815301076,1909f56bfc062723c751e8b465ee728b)  -> (artifact id: '35ea9284f1118659bb45442459a0aaa2') in 0.000828 seconds
Number of updated asset objects reloaded before import = 0
Number of asset objects unloaded after import = 0
========================================================================
Received Import Request.
  Time since last request: 187.633940 seconds.
  path: Assets/Shader/New Shader Sub Graph.shadersubgraph
  artifactKey: Guid(6bd4d10566b8b664e80bcc4f7302b9c7) Importer(815301076,1909f56bfc062723c751e8b465ee728b)
Start importing Assets/Shader/New Shader Sub Graph.shadersubgraph using Guid(6bd4d10566b8b664e80bcc4f7302b9c7) Importer(815301076,1909f56bfc062723c751e8b465ee728b)  -> (artifact id: 'faa425136f4ad92172d93f7b00629599') in 0.002683 seconds
Number of updated asset objects reloaded before import = 0
Number of asset objects unloaded after import = 1
========================================================================
Received Import Request.
  Time since last request: 84.257677 seconds.
  path: Assets/SubGraph/CustomLighting.hlsl
  artifactKey: Guid(afc8f08ef1c59f04da6a683caff36598) Importer(815301076,1909f56bfc062723c751e8b465ee728b)
Start importing Assets/SubGraph/CustomLighting.hlsl using Guid(afc8f08ef1c59f04da6a683caff36598) Importer(815301076,1909f56bfc062723c751e8b465ee728b)  -> (artifact id: '00a25d7eb05dcef51e708710d791dca5') in 0.001431 seconds
Number of updated asset objects reloaded before import = 0
Number of asset objects unloaded after import = 1
========================================================================
Received Import Request.
  Time since last request: 0.000463 seconds.
  path: Assets/SubGraph/README.md
  artifactKey: Guid(9f1fe6b6338ff934b8d5730118e3e16a) Importer(815301076,1909f56bfc062723c751e8b465ee728b)
Start importing Assets/SubGraph/README.md using Guid(9f1fe6b6338ff934b8d5730118e3e16a) Importer(815301076,1909f56bfc062723c751e8b465ee728b)  -> (artifact id: '8f4ab711933964992fe22abbb2e3e98c') in 0.000835 seconds
Number of updated asset objects reloaded before import = 0
Number of asset objects unloaded after import = 1
========================================================================
Received Import Request.
  Time since last request: 96.123489 seconds.
  path: Assets/SubGraph/URP_ShaderGraphCustomLighting-main
  artifactKey: Guid(349e2ee52378d494f8749448cd5f1f7c) Importer(815301076,1909f56bfc062723c751e8b465ee728b)
Start importing Assets/SubGraph/URP_ShaderGraphCustomLighting-main using Guid(349e2ee52378d494f8749448cd5f1f7c) Importer(815301076,1909f56bfc062723c751e8b465ee728b)  -> (artifact id: 'dc3517898f05cddfa46371264eea5fd6') in 0.000448 seconds
Number of updated asset objects reloaded before import = 0
Number of asset objects unloaded after import = 0
========================================================================
Received Import Request.
  Time since last request: 0.033221 seconds.
  path: Assets/SubGraph/URP_ShaderGraphCustomLighting-main/CustomLighting.hlsl
  artifactKey: Guid(5c09ec492074d214fbe1a19781ad15e8) Importer(815301076,1909f56bfc062723c751e8b465ee728b)
Start importing Assets/SubGraph/URP_ShaderGraphCustomLighting-main/CustomLighting.hlsl using Guid(5c09ec492074d214fbe1a19781ad15e8) Importer(815301076,1909f56bfc062723c751e8b465ee728b)  -> (artifact id: '26793ab712f7199f63f3ecb2edbffb1b') in 0.000918 seconds
Number of updated asset objects reloaded before import = 0
Number of asset objects unloaded after import = 1
========================================================================
Received Import Request.
  Time since last request: 0.633158 seconds.
  path: Assets/SubGraph/URP_ShaderGraphCustomLighting-main/Examples
  artifactKey: Guid(5aaf5d21734b08b4f8c47d51e64b5cdc) Importer(815301076,1909f56bfc062723c751e8b465ee728b)
Start importing Assets/SubGraph/URP_ShaderGraphCustomLighting-main/Examples using Guid(5aaf5d21734b08b4f8c47d51e64b5cdc) Importer(815301076,1909f56bfc062723c751e8b465ee728b)  -> (artifact id: '79f33dce79cbb2e31e8ca47334b4d55e') in 0.000417 seconds
Number of updated asset objects reloaded before import = 0
Number of asset objects unloaded after import = 0
========================================================================
Received Import Request.
  Time since last request: 18.763028 seconds.
  path: Assets/SubGraph/URP_ShaderGraphCustomLighting-main/SubGraphs
  artifactKey: Guid(4ee7bd589e126134eb6a115410f4f6c9) Importer(815301076,1909f56bfc062723c751e8b465ee728b)
Start importing Assets/SubGraph/URP_ShaderGraphCustomLighting-main/SubGraphs using Guid(4ee7bd589e126134eb6a115410f4f6c9) Importer(815301076,1909f56bfc062723c751e8b465ee728b)  -> (artifact id: '14b1ba424b9a5e75a2a8b06a79a13664') in 0.000845 seconds
Number of updated asset objects reloaded before import = 0
Number of asset objects unloaded after import = 0
========================================================================
Received Import Request.
  Time since last request: 0.038164 seconds.
  path: Assets/SubGraph/URP_ShaderGraphCustomLighting-main/SubGraphs/Additional Lights.shadersubgraph
  artifactKey: Guid(f831f4743ad6aab44842def2f21aa4bd) Importer(815301076,1909f56bfc062723c751e8b465ee728b)
Start importing Assets/SubGraph/URP_ShaderGraphCustomLighting-main/SubGraphs/Additional Lights.shadersubgraph using Guid(f831f4743ad6aab44842def2f21aa4bd) Importer(815301076,1909f56bfc062723c751e8b465ee728b)  -> (artifact id: '38822cdd4510e33f2f5a1db13a3afd58') in 0.001415 seconds
Number of updated asset objects reloaded before import = 0
Number of asset objects unloaded after import = 1
========================================================================
Received Import Request.
  Time since last request: 0.714746 seconds.
  path: Assets/SubGraph/URP_ShaderGraphCustomLighting-main/SubGraphs/Main Light.shadersubgraph
  artifactKey: Guid(970d962ef25c3084987fd10643902eed) Importer(815301076,1909f56bfc062723c751e8b465ee728b)
Start importing Assets/SubGraph/URP_ShaderGraphCustomLighting-main/SubGraphs/Main Light.shadersubgraph using Guid(970d962ef25c3084987fd10643902eed) Importer(815301076,1909f56bfc062723c751e8b465ee728b)  -> (artifact id: '4591c288100067079e40b0e6ce1abad0') in 0.001423 seconds
Number of updated asset objects reloaded before import = 0
Number of asset objects unloaded after import = 1
========================================================================
Received Import Request.
  Time since last request: 0.682751 seconds.
  path: Assets/SubGraph/URP_ShaderGraphCustomLighting-main/SubGraphs/Main Light Shadows.shadersubgraph
  artifactKey: Guid(f3ba9248037f69f429d9e52bc2e30940) Importer(815301076,1909f56bfc062723c751e8b465ee728b)
Start importing Assets/SubGraph/URP_ShaderGraphCustomLighting-main/SubGraphs/Main Light Shadows.shadersubgraph using Guid(f3ba9248037f69f429d9e52bc2e30940) Importer(815301076,1909f56bfc062723c751e8b465ee728b)  -> (artifact id: '3ee5a56444562fdd1e4da9c7bb47e79d') in 0.001408 seconds
Number of updated asset objects reloaded before import = 0
Number of asset objects unloaded after import = 1
========================================================================
Received Import Request.
  Time since last request: 0.000027 seconds.
  path: Assets/SubGraph/URP_ShaderGraphCustomLighting-main/SubGraphs/Subtractive GI.shadersubgraph
  artifactKey: Guid(3898ebeae7050e741a924ad695a7a8f8) Importer(815301076,1909f56bfc062723c751e8b465ee728b)
Start importing Assets/SubGraph/URP_ShaderGraphCustomLighting-main/SubGraphs/Subtractive GI.shadersubgraph using Guid(3898ebeae7050e741a924ad695a7a8f8) Importer(815301076,1909f56bfc062723c751e8b465ee728b)  -> (artifact id: '975566772f86d91f1143f444e54b77fa') in 0.000839 seconds
Number of updated asset objects reloaded before import = 0
Number of asset objects unloaded after import = 1
========================================================================
Received Import Request.
  Time since last request: 0.000136 seconds.
  path: Assets/SubGraph/URP_ShaderGraphCustomLighting-main/SubGraphs/Sample Shadowmask.shadersubgraph
  artifactKey: Guid(9138d5438d90fb24f805131efa395cf6) Importer(815301076,1909f56bfc062723c751e8b465ee728b)
Start importing Assets/SubGraph/URP_ShaderGraphCustomLighting-main/SubGraphs/Sample Shadowmask.shadersubgraph using Guid(9138d5438d90fb24f805131efa395cf6) Importer(815301076,1909f56bfc062723c751e8b465ee728b)  -> (artifact id: 'bd4633c713c96496d7312e990d7b6345') in 0.001064 seconds
Number of updated asset objects reloaded before import = 0
Number of asset objects unloaded after import = 1
========================================================================
Received Import Request.
  Time since last request: 0.000018 seconds.
  path: Assets/SubGraph/URP_ShaderGraphCustomLighting-main/SubGraphs/Mix Fog.shadersubgraph
  artifactKey: Guid(aadfc52f8da612746841c7c5af3fcea6) Importer(815301076,1909f56bfc062723c751e8b465ee728b)
Start importing Assets/SubGraph/URP_ShaderGraphCustomLighting-main/SubGraphs/Mix Fog.shadersubgraph using Guid(aadfc52f8da612746841c7c5af3fcea6) Importer(815301076,1909f56bfc062723c751e8b465ee728b)  -> (artifact id: '756fc630e4f44806e430d5524e11b3cb') in 0.001245 seconds
Number of updated asset objects reloaded before import = 0
Number of asset objects unloaded after import = 1
Editor requested this worker to shutdown with reason: Scaling down because of idle timeout
TcpMessagingSession - receive error: operation aborted. errorcode: 995, details: 由于线程退出或应用程序请求，已中止 I/O 操作。
AssetImportWorker is now disconnected from the server
Process exiting
Exiting without the bug reporter. Application will terminate with return code 0