Using pre-set license
Built from '2022.3/staging' branch; Version is '2022.3.6f1 (b9e6e7e9fa2d) revision 12183271'; Using compiler version '192829333'; Build Type 'Release'
OS: 'Windows 11  (10.0.22631) 64bit Core' Language: 'zh' Physical Memory: 32435 MB
BatchMode: 1, IsHumanControllingUs: 0, StartBugReporterOnCrash: 0, Is64bit: 1, IsPro: 1

COMMAND LINE ARGUMENTS:
C:\Program Files\Unity\Hub\Editor\2022.3.6f1\Editor\Unity.exe
-adb2
-batchMode
-noUpm
-name
AssetImportWorker11
-projectPath
C:/Users/ljy10/RenduDevoirUnity
-logFile
Logs/AssetImportWorker11.log
-srvPort
64400
Successfully changed project path to: C:/Users/ljy10/RenduDevoirUnity
C:/Users/ljy10/RenduDevoirUnity
[UnityMemory] Configuration Parameters - Can be set up in boot.config
    "memorysetup-bucket-allocator-granularity=16"
    "memorysetup-bucket-allocator-bucket-count=8"
    "memorysetup-bucket-allocator-block-size=33554432"
    "memorysetup-bucket-allocator-block-count=8"
    "memorysetup-main-allocator-block-size=16777216"
    "memorysetup-thread-allocator-block-size=16777216"
    "memorysetup-gfx-main-allocator-block-size=16777216"
    "memorysetup-gfx-thread-allocator-block-size=16777216"
    "memorysetup-cache-allocator-block-size=4194304"
    "memorysetup-typetree-allocator-block-size=2097152"
    "memorysetup-profiler-bucket-allocator-granularity=16"
    "memorysetup-profiler-bucket-allocator-bucket-count=8"
    "memorysetup-profiler-bucket-allocator-block-size=33554432"
    "memorysetup-profiler-bucket-allocator-block-count=8"
    "memorysetup-profiler-allocator-block-size=16777216"
    "memorysetup-profiler-editor-allocator-block-size=1048576"
    "memorysetup-temp-allocator-size-main=16777216"
    "memorysetup-job-temp-allocator-block-size=2097152"
    "memorysetup-job-temp-allocator-block-size-background=1048576"
    "memorysetup-job-temp-allocator-reduction-small-platforms=262144"
    "memorysetup-allocator-temp-initial-block-size-main=262144"
    "memorysetup-allocator-temp-initial-block-size-worker=262144"
    "memorysetup-temp-allocator-size-background-worker=32768"
    "memorysetup-temp-allocator-size-job-worker=262144"
    "memorysetup-temp-allocator-size-preload-manager=33554432"
    "memorysetup-temp-allocator-size-nav-mesh-worker=65536"
    "memorysetup-temp-allocator-size-audio-worker=65536"
    "memorysetup-temp-allocator-size-cloud-worker=32768"
    "memorysetup-temp-allocator-size-gi-baking-worker=262144"
    "memorysetup-temp-allocator-size-gfx=262144"
Player connection [38156] Host "[IP] 192.168.1.25 [Port] 0 [Flags] 2 [Guid] 1738559868 [EditorId] 1738559868 [Version] 1048832 [Id] WindowsEditor(7,LUO-Jingyi) [Debug] 1 [PackageName] WindowsEditor [ProjectName] Editor" joined multi-casting on [225.0.0.222:54997]...

Player connection [38156] Host "[IP] 192.168.1.25 [Port] 0 [Flags] 2 [Guid] 1738559868 [EditorId] 1738559868 [Version] 1048832 [Id] WindowsEditor(7,LUO-Jingyi) [Debug] 1 [PackageName] WindowsEditor [ProjectName] Editor" joined alternative multi-casting on [225.0.0.222:34997]...

Refreshing native plugins compatible for Editor in 7.20 ms, found 3 plugins.
Preloading 0 native plugins for Editor in 0.00 ms.
Initialize engine version: 2022.3.6f1 (b9e6e7e9fa2d)
[Subsystems] Discovering subsystems at path C:/Program Files/Unity/Hub/Editor/2022.3.6f1/Editor/Data/Resources/UnitySubsystems
[Subsystems] Discovering subsystems at path C:/Users/ljy10/RenduDevoirUnity/Assets
GfxDevice: creating device client; threaded=0; jobified=0
Direct3D:
    Version:  Direct3D 11.0 [level 11.1]
    Renderer: NVIDIA GeForce RTX 3070 Ti Laptop GPU (ID=0x24e0)
    Vendor:   NVIDIA
    VRAM:     8032 MB
    Driver:   31.0.15.4665
Initialize mono
Mono path[0] = 'C:/Program Files/Unity/Hub/Editor/2022.3.6f1/Editor/Data/Managed'
Mono path[1] = 'C:/Program Files/Unity/Hub/Editor/2022.3.6f1/Editor/Data/MonoBleedingEdge/lib/mono/unityjit-win32'
Mono config path = 'C:/Program Files/Unity/Hub/Editor/2022.3.6f1/Editor/Data/MonoBleedingEdge/etc'
Using monoOptions --debugger-agent=transport=dt_socket,embedding=1,server=y,suspend=n,address=127.0.0.1:56984
Begin MonoManager ReloadAssembly
Registering precompiled unity dll's ...
Register platform support module: C:/Program Files/Unity/Hub/Editor/2022.3.6f1/Editor/Data/PlaybackEngines/WindowsStandaloneSupport/UnityEditor.WindowsStandalone.Extensions.dll
Registered in 0.004847 seconds.
- Loaded All Assemblies, in  0.279 seconds
Native extension for WindowsStandalone target not found
Mono: successfully reloaded assembly
- Finished resetting the current domain, in  0.204 seconds
Domain Reload Profiling: 480ms
	BeginReloadAssembly (75ms)
		ExecutionOrderSort (0ms)
		DisableScriptedObjects (0ms)
		BackupInstance (0ms)
		ReleaseScriptingObjects (0ms)
		CreateAndSetChildDomain (0ms)
	RebuildCommonClasses (28ms)
	RebuildNativeTypeToScriptingClass (9ms)
	initialDomainReloadingComplete (50ms)
	LoadAllAssembliesAndSetupDomain (114ms)
		LoadAssemblies (72ms)
		RebuildTransferFunctionScriptingTraits (0ms)
		AnalyzeDomain (106ms)
			TypeCache.Refresh (105ms)
				TypeCache.ScanAssembly (96ms)
			ScanForSourceGeneratedMonoScriptInfo (0ms)
			ResolveRequiredComponents (0ms)
	FinalizeReload (204ms)
		ReleaseScriptCaches (0ms)
		RebuildScriptCaches (0ms)
		SetupLoadedEditorAssemblies (158ms)
			LogAssemblyErrors (0ms)
			InitializePlatformSupportModulesInManaged (7ms)
			SetLoadedEditorAssemblies (6ms)
			RefreshPlugins (0ms)
			BeforeProcessingInitializeOnLoad (2ms)
			ProcessInitializeOnLoadAttributes (106ms)
			ProcessInitializeOnLoadMethodAttributes (37ms)
			AfterProcessingInitializeOnLoad (0ms)
			EditorAssembliesLoaded (0ms)
		ExecutionOrderSort2 (0ms)
		AwakeInstancesAfterBackupRestoration (0ms)
========================================================================
Worker process is ready to serve import requests
Begin MonoManager ReloadAssembly
Symbol file LoadedFromMemory doesn't match image C:\Users\ljy10\RenduDevoirUnity\Library\PackageCache\com.unity.visualscripting@1.8.0\Editor\VisualScripting.Core\Dependencies\YamlDotNet\Unity.VisualScripting.YamlDotNet.dll
Symbol file LoadedFromMemory doesn't match image C:\Users\ljy10\RenduDevoirUnity\Library\PackageCache\com.unity.visualscripting@1.8.0\Editor\VisualScripting.Core\Dependencies\DotNetZip\Unity.VisualScripting.IonicZip.dll
- Loaded All Assemblies, in  0.621 seconds
Refreshing native plugins compatible for Editor in 2.79 ms, found 3 plugins.
Native extension for WindowsStandalone target not found
Package Manager log level set to [2]
[Package Manager] Server::EnsureServerProcessIsRunning -- launch failed, reason: Unity was launched with the -noUpm command-line argument
[Package Manager] UpmClient::Send -- Unable to send message (not connected to UPM process).
[Package Manager] Cannot connect to Unity Package Manager local server
Mono: successfully reloaded assembly
- Finished resetting the current domain, in  0.481 seconds
Domain Reload Profiling: 1098ms
	BeginReloadAssembly (111ms)
		ExecutionOrderSort (0ms)
		DisableScriptedObjects (4ms)
		BackupInstance (0ms)
		ReleaseScriptingObjects (0ms)
		CreateAndSetChildDomain (18ms)
	RebuildCommonClasses (28ms)
	RebuildNativeTypeToScriptingClass (10ms)
	initialDomainReloadingComplete (39ms)
	LoadAllAssembliesAndSetupDomain (429ms)
		LoadAssemblies (222ms)
		RebuildTransferFunctionScriptingTraits (0ms)
		AnalyzeDomain (247ms)
			TypeCache.Refresh (229ms)
				TypeCache.ScanAssembly (221ms)
			ScanForSourceGeneratedMonoScriptInfo (14ms)
			ResolveRequiredComponents (4ms)
	FinalizeReload (482ms)
		ReleaseScriptCaches (0ms)
		RebuildScriptCaches (0ms)
		SetupLoadedEditorAssemblies (362ms)
			LogAssemblyErrors (0ms)
			InitializePlatformSupportModulesInManaged (4ms)
			SetLoadedEditorAssemblies (2ms)
			RefreshPlugins (0ms)
			BeforeProcessingInitializeOnLoad (55ms)
			ProcessInitializeOnLoadAttributes (243ms)
			ProcessInitializeOnLoadMethodAttributes (49ms)
			AfterProcessingInitializeOnLoad (8ms)
			EditorAssembliesLoaded (0ms)
		ExecutionOrderSort2 (0ms)
		AwakeInstancesAfterBackupRestoration (5ms)
Launched and connected shader compiler UnityShaderCompiler.exe after 0.07 seconds
Refreshing native plugins compatible for Editor in 5.86 ms, found 3 plugins.
Preloading 0 native plugins for Editor in 0.00 ms.
Unloading 4395 Unused Serialized files (Serialized files now loaded: 0)
Unloading 106 unused Assets / (11.3 MB). Loaded Objects now: 4793.
Memory consumption went from 207.5 MB to 196.2 MB.
Total: 9.545500 ms (FindLiveObjects: 0.303600 ms CreateObjectMapping: 0.235600 ms MarkObjects: 3.108500 ms  DeleteObjects: 5.896700 ms)

AssetImportParameters requested are different than current active one (requested -> active):
  custom:container-demuxer-ogg: 62fdf1f143b41e24485cea50d1cbac27 -> 
  custom:video-codec-MediaFoundation-h265: 746d11721c4dcdbdad8f713fa42b33f4 -> 
  custom:video-decoder-ogg-theora: a1e56fd34408186e4bbccfd4996cb3dc -> 
  custom:framework-win-MediaFoundation: 216162199b28c13a410421893ffa2e32 -> 
  custom:CustomObjectIndexerAttribute: 756ad292c208cfabdd7b50bc23989ffe -> 
  custom:container-demuxer-webm: 4f35f7cbe854078d1ac9338744f61a02 -> 
  custom:container-muxer-webm: aa71ff27fc2769a1b78a27578f13a17b -> 
  custom:video-decoder-webm-vp8: 9c59270c3fd7afecdb556c50c9e8de78 -> 
  custom:SearchIndexIgnoredProperties: e643bd26f0fe6173181afceb89e7c659 -> 
  custom:AudioImporter_EditorPlatform: d09bf68614088b80899f8185d706f6e7 -> 
  custom:video-encoder-webm-vp8: eb34c28f22e8b96e1ab97ce403110664 -> 
  custom:audio-decoder-ogg-vorbis: bf7c407c2cedff20999df2af8eb42d56 -> 
  custom:audio-encoder-webm-vorbis: bf7c407c2cedff20999df2af8eb42d56 -> 
========================================================================
Received Import Request.
  Time since last request: 136090.354529 seconds.
  path: Assets/SubGraph/UnityChanToonShaderVer2_Project-release-legacy-2.0/Manual/Images_jpg/0102-06_02.jpg
  artifactKey: Guid(e45422e0c71b5e344a725d319637177c) Importer(815301076,1909f56bfc062723c751e8b465ee728b)
Start importing Assets/SubGraph/UnityChanToonShaderVer2_Project-release-legacy-2.0/Manual/Images_jpg/0102-06_02.jpg using Guid(e45422e0c71b5e344a725d319637177c) Importer(815301076,1909f56bfc062723c751e8b465ee728b)  -> (artifact id: 'dfc40c26773299725931a476973ac0c4') in 0.051278 seconds
Number of updated asset objects reloaded before import = 0
Number of asset objects unloaded after import = 2
========================================================================
Received Import Request.
  Time since last request: 2.670109 seconds.
  path: Assets/SubGraph/UnityChanToonShaderVer2_Project-release-legacy-2.0/Manual/Images_jpg/0105-22_08.jpg
  artifactKey: Guid(a0b10c8fe1b243e459bc65d378cb1ad9) Importer(815301076,1909f56bfc062723c751e8b465ee728b)
Start importing Assets/SubGraph/UnityChanToonShaderVer2_Project-release-legacy-2.0/Manual/Images_jpg/0105-22_08.jpg using Guid(a0b10c8fe1b243e459bc65d378cb1ad9) Importer(815301076,1909f56bfc062723c751e8b465ee728b)  -> (artifact id: '7030b6415487aafaf504dd3d89c1af52') in 0.016116 seconds
Number of updated asset objects reloaded before import = 0
Number of asset objects unloaded after import = 2
========================================================================
Received Import Request.
  Time since last request: 0.535197 seconds.
  path: Assets/SubGraph/UnityChanToonShaderVer2_Project-release-legacy-2.0/Manual/Images_jpg/0105-22_012_eng.jpg
  artifactKey: Guid(b48f733265d778244b4f1ec33c2e5723) Importer(815301076,1909f56bfc062723c751e8b465ee728b)
Start importing Assets/SubGraph/UnityChanToonShaderVer2_Project-release-legacy-2.0/Manual/Images_jpg/0105-22_012_eng.jpg using Guid(b48f733265d778244b4f1ec33c2e5723) Importer(815301076,1909f56bfc062723c751e8b465ee728b)  -> (artifact id: '53f54b43cf027b561e395fddc7821f24') in 0.025548 seconds
Number of updated asset objects reloaded before import = 0
Number of asset objects unloaded after import = 2
========================================================================
Received Import Request.
  Time since last request: 0.047895 seconds.
  path: Assets/SubGraph/UnityChanToonShaderVer2_Project-release-legacy-2.0/Manual/Images_jpg/0201-11_05.jpg
  artifactKey: Guid(167ba25f3f53d6046b472df7ff41d57e) Importer(815301076,1909f56bfc062723c751e8b465ee728b)
Start importing Assets/SubGraph/UnityChanToonShaderVer2_Project-release-legacy-2.0/Manual/Images_jpg/0201-11_05.jpg using Guid(167ba25f3f53d6046b472df7ff41d57e) Importer(815301076,1909f56bfc062723c751e8b465ee728b)  -> (artifact id: 'ca349730b0f7e84dc2a32e89631dcddc') in 0.009601 seconds
Number of updated asset objects reloaded before import = 0
Number of asset objects unloaded after import = 2
========================================================================
Received Import Request.
  Time since last request: 0.084330 seconds.
  path: Assets/SubGraph/UnityChanToonShaderVer2_Project-release-legacy-2.0/Manual/Images_jpg/0609-04_02.jpg
  artifactKey: Guid(6fd5992ac9fa6ef4f87f641de2948f27) Importer(815301076,1909f56bfc062723c751e8b465ee728b)
Start importing Assets/SubGraph/UnityChanToonShaderVer2_Project-release-legacy-2.0/Manual/Images_jpg/0609-04_02.jpg using Guid(6fd5992ac9fa6ef4f87f641de2948f27) Importer(815301076,1909f56bfc062723c751e8b465ee728b)  -> (artifact id: '56e59532fd74fd3690730d3c3421d727') in 0.016407 seconds
Number of updated asset objects reloaded before import = 0
Number of asset objects unloaded after import = 2
========================================================================
Received Import Request.
  Time since last request: 6.479114 seconds.
  path: Assets/SubGraph/UnityChanToonShaderVer2_Project-release-legacy-2.0/ProjectSettings/ClusterInputManager.asset
  artifactKey: Guid(63cae458602f9074b882bf659de5d082) Importer(815301076,1909f56bfc062723c751e8b465ee728b)
Start importing Assets/SubGraph/UnityChanToonShaderVer2_Project-release-legacy-2.0/ProjectSettings/ClusterInputManager.asset using Guid(63cae458602f9074b882bf659de5d082) Importer(815301076,1909f56bfc062723c751e8b465ee728b)  -> (artifact id: 'cec224dd6f99d01e901834832fa8857c') in 0.000659 seconds
Number of updated asset objects reloaded before import = 0
Number of asset objects unloaded after import = 0
========================================================================
Received Import Request.
  Time since last request: 0.000703 seconds.
  path: Assets/SubGraph/UnityChanToonShaderVer2_Project-release-legacy-2.0/ProjectSettings/NavMeshAreas.asset
  artifactKey: Guid(5cd4406a04b59c943805bb1e0600ed46) Importer(815301076,1909f56bfc062723c751e8b465ee728b)
Start importing Assets/SubGraph/UnityChanToonShaderVer2_Project-release-legacy-2.0/ProjectSettings/NavMeshAreas.asset using Guid(5cd4406a04b59c943805bb1e0600ed46) Importer(815301076,1909f56bfc062723c751e8b465ee728b)  -> (artifact id: '31ae86dbbbb6ac989e4fbe7de3a51ed2') in 0.000629 seconds
Number of updated asset objects reloaded before import = 0
Number of asset objects unloaded after import = 0
========================================================================
Received Import Request.
  Time since last request: 0.000201 seconds.
  path: Assets/SubGraph/UnityChanToonShaderVer2_Project-release-legacy-2.0/ProjectSettings/PresetManager.asset
  artifactKey: Guid(fd2c557d75665d2449eabddedae4094f) Importer(815301076,1909f56bfc062723c751e8b465ee728b)
Start importing Assets/SubGraph/UnityChanToonShaderVer2_Project-release-legacy-2.0/ProjectSettings/PresetManager.asset using Guid(fd2c557d75665d2449eabddedae4094f) Importer(815301076,1909f56bfc062723c751e8b465ee728b)  -> (artifact id: '21fa0e8cd6bea56a49177f9f72eaea4c') in 0.000506 seconds
Number of updated asset objects reloaded before import = 0
Number of asset objects unloaded after import = 0
========================================================================
Received Import Request.
  Time since last request: 0.000478 seconds.
  path: Assets/SubGraph/UnityChanToonShaderVer2_Project-release-legacy-2.0/ProjectSettings/TimeManager.asset
  artifactKey: Guid(11bc3ec7c11c6fd4881419f7252574a4) Importer(815301076,1909f56bfc062723c751e8b465ee728b)
Start importing Assets/SubGraph/UnityChanToonShaderVer2_Project-release-legacy-2.0/ProjectSettings/TimeManager.asset using Guid(11bc3ec7c11c6fd4881419f7252574a4) Importer(815301076,1909f56bfc062723c751e8b465ee728b)  -> (artifact id: '2614e4b7348b36e2b07458d5e81135cf') in 0.000596 seconds
Number of updated asset objects reloaded before import = 0
Number of asset objects unloaded after import = 0
========================================================================
Received Prepare
Begin MonoManager ReloadAssembly
Symbol file LoadedFromMemory doesn't match image C:\Users\ljy10\RenduDevoirUnity\Library\PackageCache\com.unity.visualscripting@1.8.0\Editor\VisualScripting.Core\Dependencies\YamlDotNet\Unity.VisualScripting.YamlDotNet.dll
Symbol file LoadedFromMemory doesn't match image C:\Users\ljy10\RenduDevoirUnity\Library\PackageCache\com.unity.visualscripting@1.8.0\Editor\VisualScripting.Core\Dependencies\DotNetZip\Unity.VisualScripting.IonicZip.dll
- Loaded All Assemblies, in  0.654 seconds
Refreshing native plugins compatible for Editor in 3.58 ms, found 3 plugins.
Native extension for WindowsStandalone target not found
[Package Manager] Server::EnsureServerProcessIsRunning -- launch failed, reason: Unity was launched with the -noUpm command-line argument
[Package Manager] UpmClient::Send -- Unable to send message (not connected to UPM process).
[Package Manager] Cannot connect to Unity Package Manager local server
Mono: successfully reloaded assembly
- Finished resetting the current domain, in  1.020 seconds
Domain Reload Profiling: 1670ms
	BeginReloadAssembly (123ms)
		ExecutionOrderSort (0ms)
		DisableScriptedObjects (3ms)
		BackupInstance (0ms)
		ReleaseScriptingObjects (0ms)
		CreateAndSetChildDomain (30ms)
	RebuildCommonClasses (29ms)
	RebuildNativeTypeToScriptingClass (9ms)
	initialDomainReloadingComplete (29ms)
	LoadAllAssembliesAndSetupDomain (460ms)
		LoadAssemblies (234ms)
		RebuildTransferFunctionScriptingTraits (0ms)
		AnalyzeDomain (271ms)
			TypeCache.Refresh (257ms)
				TypeCache.ScanAssembly (247ms)
			ScanForSourceGeneratedMonoScriptInfo (3ms)
			ResolveRequiredComponents (10ms)
	FinalizeReload (1021ms)
		ReleaseScriptCaches (0ms)
		RebuildScriptCaches (0ms)
		SetupLoadedEditorAssemblies (319ms)
			LogAssemblyErrors (0ms)
			InitializePlatformSupportModulesInManaged (4ms)
			SetLoadedEditorAssemblies (2ms)
			RefreshPlugins (0ms)
			BeforeProcessingInitializeOnLoad (51ms)
			ProcessInitializeOnLoadAttributes (212ms)
			ProcessInitializeOnLoadMethodAttributes (43ms)
			AfterProcessingInitializeOnLoad (7ms)
			EditorAssembliesLoaded (0ms)
		ExecutionOrderSort2 (0ms)
		AwakeInstancesAfterBackupRestoration (5ms)
Refreshing native plugins compatible for Editor in 4.97 ms, found 3 plugins.
Preloading 0 native plugins for Editor in 0.00 ms.
Unloading 4194 Unused Serialized files (Serialized files now loaded: 0)
Unloading 154 unused Assets / (11.1 MB). Loaded Objects now: 4737.
Memory consumption went from 183.1 MB to 172.0 MB.
Total: 9.937600 ms (FindLiveObjects: 0.304300 ms CreateObjectMapping: 0.229900 ms MarkObjects: 2.955100 ms  DeleteObjects: 6.447300 ms)

Prepare: number of updated asset objects reloaded= 73
AssetImportParameters requested are different than current active one (requested -> active):
  custom:container-demuxer-ogg: 62fdf1f143b41e24485cea50d1cbac27 -> 
  custom:video-codec-MediaFoundation-h265: 746d11721c4dcdbdad8f713fa42b33f4 -> 
  custom:video-decoder-ogg-theora: a1e56fd34408186e4bbccfd4996cb3dc -> 
  custom:framework-win-MediaFoundation: 216162199b28c13a410421893ffa2e32 -> 
  custom:CustomObjectIndexerAttribute: 756ad292c208cfabdd7b50bc23989ffe -> 
  custom:container-demuxer-webm: 4f35f7cbe854078d1ac9338744f61a02 -> 
  custom:container-muxer-webm: aa71ff27fc2769a1b78a27578f13a17b -> 
  custom:video-decoder-webm-vp8: 9c59270c3fd7afecdb556c50c9e8de78 -> 
  custom:SearchIndexIgnoredProperties: e643bd26f0fe6173181afceb89e7c659 -> 
  custom:AudioImporter_EditorPlatform: d09bf68614088b80899f8185d706f6e7 -> 
  custom:video-encoder-webm-vp8: eb34c28f22e8b96e1ab97ce403110664 -> 
  custom:audio-decoder-ogg-vorbis: bf7c407c2cedff20999df2af8eb42d56 -> 
  custom:audio-encoder-webm-vorbis: bf7c407c2cedff20999df2af8eb42d56 -> 
Editor requested this worker to shutdown with reason: Scaling down because of idle timeout
TcpMessagingSession - receive error: operation aborted. errorcode: 995, details: 由于线程退出或应用程序请求，已中止 I/O 操作。
AssetImportWorker is now disconnected from the server
Process exiting
Exiting without the bug reporter. Application will terminate with return code 0