Using pre-set license
Built from '2022.3/staging' branch; Version is '2022.3.6f1 (b9e6e7e9fa2d) revision 12183271'; Using compiler version '192829333'; Build Type 'Release'
OS: 'Windows 11  (10.0.22631) 64bit Core' Language: 'zh' Physical Memory: 32435 MB
BatchMode: 1, IsHumanControllingUs: 0, StartBugReporterOnCrash: 0, Is64bit: 1, IsPro: 1

COMMAND LINE ARGUMENTS:
C:\Program Files\Unity\Hub\Editor\2022.3.6f1\Editor\Unity.exe
-adb2
-batchMode
-noUpm
-name
AssetImportWorker4
-projectPath
C:/Users/ljy10/RenduDevoirUnity
-logFile
Logs/AssetImportWorker4.log
-srvPort
61185
Successfully changed project path to: C:/Users/ljy10/RenduDevoirUnity
C:/Users/ljy10/RenduDevoirUnity
[UnityMemory] Configuration Parameters - Can be set up in boot.config
    "memorysetup-bucket-allocator-granularity=16"
    "memorysetup-bucket-allocator-bucket-count=8"
    "memorysetup-bucket-allocator-block-size=33554432"
    "memorysetup-bucket-allocator-block-count=8"
    "memorysetup-main-allocator-block-size=16777216"
    "memorysetup-thread-allocator-block-size=16777216"
    "memorysetup-gfx-main-allocator-block-size=16777216"
    "memorysetup-gfx-thread-allocator-block-size=16777216"
    "memorysetup-cache-allocator-block-size=4194304"
    "memorysetup-typetree-allocator-block-size=2097152"
    "memorysetup-profiler-bucket-allocator-granularity=16"
    "memorysetup-profiler-bucket-allocator-bucket-count=8"
    "memorysetup-profiler-bucket-allocator-block-size=33554432"
    "memorysetup-profiler-bucket-allocator-block-count=8"
    "memorysetup-profiler-allocator-block-size=16777216"
    "memorysetup-profiler-editor-allocator-block-size=1048576"
    "memorysetup-temp-allocator-size-main=16777216"
    "memorysetup-job-temp-allocator-block-size=2097152"
    "memorysetup-job-temp-allocator-block-size-background=1048576"
    "memorysetup-job-temp-allocator-reduction-small-platforms=262144"
    "memorysetup-allocator-temp-initial-block-size-main=262144"
    "memorysetup-allocator-temp-initial-block-size-worker=262144"
    "memorysetup-temp-allocator-size-background-worker=32768"
    "memorysetup-temp-allocator-size-job-worker=262144"
    "memorysetup-temp-allocator-size-preload-manager=33554432"
    "memorysetup-temp-allocator-size-nav-mesh-worker=65536"
    "memorysetup-temp-allocator-size-audio-worker=65536"
    "memorysetup-temp-allocator-size-cloud-worker=32768"
    "memorysetup-temp-allocator-size-gi-baking-worker=262144"
    "memorysetup-temp-allocator-size-gfx=262144"
Player connection [36176] Host "[IP] 192.168.1.25 [Port] 0 [Flags] 2 [Guid] 959833002 [EditorId] 959833002 [Version] 1048832 [Id] WindowsEditor(7,LUO-Jingyi) [Debug] 1 [PackageName] WindowsEditor [ProjectName] Editor" joined multi-casting on [225.0.0.222:54997]...

Player connection [36176] Host "[IP] 192.168.1.25 [Port] 0 [Flags] 2 [Guid] 959833002 [EditorId] 959833002 [Version] 1048832 [Id] WindowsEditor(7,LUO-Jingyi) [Debug] 1 [PackageName] WindowsEditor [ProjectName] Editor" joined alternative multi-casting on [225.0.0.222:34997]...

Refreshing native plugins compatible for Editor in 7.23 ms, found 3 plugins.
Preloading 0 native plugins for Editor in 0.00 ms.
Initialize engine version: 2022.3.6f1 (b9e6e7e9fa2d)
[Subsystems] Discovering subsystems at path C:/Program Files/Unity/Hub/Editor/2022.3.6f1/Editor/Data/Resources/UnitySubsystems
[Subsystems] Discovering subsystems at path C:/Users/ljy10/RenduDevoirUnity/Assets
GfxDevice: creating device client; threaded=0; jobified=0
Direct3D:
    Version:  Direct3D 11.0 [level 11.1]
    Renderer: NVIDIA GeForce RTX 3070 Ti Laptop GPU (ID=0x24e0)
    Vendor:   NVIDIA
    VRAM:     8032 MB
    Driver:   31.0.15.4665
Initialize mono
Mono path[0] = 'C:/Program Files/Unity/Hub/Editor/2022.3.6f1/Editor/Data/Managed'
Mono path[1] = 'C:/Program Files/Unity/Hub/Editor/2022.3.6f1/Editor/Data/MonoBleedingEdge/lib/mono/unityjit-win32'
Mono config path = 'C:/Program Files/Unity/Hub/Editor/2022.3.6f1/Editor/Data/MonoBleedingEdge/etc'
Using monoOptions --debugger-agent=transport=dt_socket,embedding=1,server=y,suspend=n,address=127.0.0.1:56892
Begin MonoManager ReloadAssembly
Registering precompiled unity dll's ...
Register platform support module: C:/Program Files/Unity/Hub/Editor/2022.3.6f1/Editor/Data/PlaybackEngines/WindowsStandaloneSupport/UnityEditor.WindowsStandalone.Extensions.dll
Registered in 0.005566 seconds.
- Loaded All Assemblies, in  0.327 seconds
Native extension for WindowsStandalone target not found
Mono: successfully reloaded assembly
- Finished resetting the current domain, in  0.208 seconds
Domain Reload Profiling: 533ms
	BeginReloadAssembly (92ms)
		ExecutionOrderSort (0ms)
		DisableScriptedObjects (0ms)
		BackupInstance (0ms)
		ReleaseScriptingObjects (0ms)
		CreateAndSetChildDomain (1ms)
	RebuildCommonClasses (34ms)
	RebuildNativeTypeToScriptingClass (8ms)
	initialDomainReloadingComplete (53ms)
	LoadAllAssembliesAndSetupDomain (138ms)
		LoadAssemblies (89ms)
		RebuildTransferFunctionScriptingTraits (0ms)
		AnalyzeDomain (129ms)
			TypeCache.Refresh (129ms)
				TypeCache.ScanAssembly (115ms)
			ScanForSourceGeneratedMonoScriptInfo (0ms)
			ResolveRequiredComponents (0ms)
	FinalizeReload (209ms)
		ReleaseScriptCaches (0ms)
		RebuildScriptCaches (0ms)
		SetupLoadedEditorAssemblies (162ms)
			LogAssemblyErrors (0ms)
			InitializePlatformSupportModulesInManaged (7ms)
			SetLoadedEditorAssemblies (7ms)
			RefreshPlugins (0ms)
			BeforeProcessingInitializeOnLoad (2ms)
			ProcessInitializeOnLoadAttributes (109ms)
			ProcessInitializeOnLoadMethodAttributes (37ms)
			AfterProcessingInitializeOnLoad (0ms)
			EditorAssembliesLoaded (0ms)
		ExecutionOrderSort2 (0ms)
		AwakeInstancesAfterBackupRestoration (0ms)
========================================================================
Worker process is ready to serve import requests
Begin MonoManager ReloadAssembly
Symbol file LoadedFromMemory doesn't match image C:\Users\ljy10\RenduDevoirUnity\Library\PackageCache\com.unity.visualscripting@1.8.0\Editor\VisualScripting.Core\Dependencies\YamlDotNet\Unity.VisualScripting.YamlDotNet.dll
Symbol file LoadedFromMemory doesn't match image C:\Users\ljy10\RenduDevoirUnity\Library\PackageCache\com.unity.visualscripting@1.8.0\Editor\VisualScripting.Core\Dependencies\DotNetZip\Unity.VisualScripting.IonicZip.dll
- Loaded All Assemblies, in  0.731 seconds
Refreshing native plugins compatible for Editor in 3.99 ms, found 3 plugins.
Native extension for WindowsStandalone target not found
Package Manager log level set to [2]
[Package Manager] Server::EnsureServerProcessIsRunning -- launch failed, reason: Unity was launched with the -noUpm command-line argument
[Package Manager] UpmClient::Send -- Unable to send message (not connected to UPM process).
[Package Manager] Cannot connect to Unity Package Manager local server
Mono: successfully reloaded assembly
- Finished resetting the current domain, in  0.505 seconds
Domain Reload Profiling: 1230ms
	BeginReloadAssembly (112ms)
		ExecutionOrderSort (0ms)
		DisableScriptedObjects (4ms)
		BackupInstance (0ms)
		ReleaseScriptingObjects (0ms)
		CreateAndSetChildDomain (15ms)
	RebuildCommonClasses (23ms)
	RebuildNativeTypeToScriptingClass (7ms)
	initialDomainReloadingComplete (35ms)
	LoadAllAssembliesAndSetupDomain (548ms)
		LoadAssemblies (241ms)
		RebuildTransferFunctionScriptingTraits (0ms)
		AnalyzeDomain (356ms)
			TypeCache.Refresh (334ms)
				TypeCache.ScanAssembly (323ms)
			ScanForSourceGeneratedMonoScriptInfo (19ms)
			ResolveRequiredComponents (4ms)
	FinalizeReload (505ms)
		ReleaseScriptCaches (0ms)
		RebuildScriptCaches (0ms)
		SetupLoadedEditorAssemblies (376ms)
			LogAssemblyErrors (0ms)
			InitializePlatformSupportModulesInManaged (4ms)
			SetLoadedEditorAssemblies (3ms)
			RefreshPlugins (0ms)
			BeforeProcessingInitializeOnLoad (58ms)
			ProcessInitializeOnLoadAttributes (250ms)
			ProcessInitializeOnLoadMethodAttributes (52ms)
			AfterProcessingInitializeOnLoad (8ms)
			EditorAssembliesLoaded (0ms)
		ExecutionOrderSort2 (0ms)
		AwakeInstancesAfterBackupRestoration (7ms)
Launched and connected shader compiler UnityShaderCompiler.exe after 0.05 seconds
Refreshing native plugins compatible for Editor in 7.15 ms, found 3 plugins.
Preloading 0 native plugins for Editor in 0.00 ms.
Unloading 4285 Unused Serialized files (Serialized files now loaded: 0)
Unloading 46 unused Assets / (0.6 MB). Loaded Objects now: 4743.
Memory consumption went from 157.1 MB to 156.5 MB.
Total: 3.339300 ms (FindLiveObjects: 0.327600 ms CreateObjectMapping: 0.144000 ms MarkObjects: 2.701400 ms  DeleteObjects: 0.165200 ms)

AssetImportParameters requested are different than current active one (requested -> active):
  custom:container-demuxer-ogg: 62fdf1f143b41e24485cea50d1cbac27 -> 
  custom:video-codec-MediaFoundation-h265: 746d11721c4dcdbdad8f713fa42b33f4 -> 
  custom:video-decoder-ogg-theora: a1e56fd34408186e4bbccfd4996cb3dc -> 
  custom:framework-win-MediaFoundation: 216162199b28c13a410421893ffa2e32 -> 
  custom:CustomObjectIndexerAttribute: 756ad292c208cfabdd7b50bc23989ffe -> 
  custom:container-demuxer-webm: 4f35f7cbe854078d1ac9338744f61a02 -> 
  custom:container-muxer-webm: aa71ff27fc2769a1b78a27578f13a17b -> 
  custom:video-decoder-webm-vp8: 9c59270c3fd7afecdb556c50c9e8de78 -> 
  custom:SearchIndexIgnoredProperties: e643bd26f0fe6173181afceb89e7c659 -> 
  custom:AudioImporter_EditorPlatform: d09bf68614088b80899f8185d706f6e7 -> 
  custom:video-encoder-webm-vp8: eb34c28f22e8b96e1ab97ce403110664 -> 
  custom:audio-decoder-ogg-vorbis: bf7c407c2cedff20999df2af8eb42d56 -> 
  custom:audio-encoder-webm-vorbis: bf7c407c2cedff20999df2af8eb42d56 -> 
========================================================================
Received Import Request.
  Time since last request: 138101.638345 seconds.
  path: Assets/SubGraph/UnityChanToonShaderVer2_Project-release-legacy-2.0/ProjectSettings
  artifactKey: Guid(96bd8e8f45183d743b9264b37ec53eec) Importer(815301076,1909f56bfc062723c751e8b465ee728b)
Start importing Assets/SubGraph/UnityChanToonShaderVer2_Project-release-legacy-2.0/ProjectSettings using Guid(96bd8e8f45183d743b9264b37ec53eec) Importer(815301076,1909f56bfc062723c751e8b465ee728b)  -> (artifact id: '97d2712cc3eec9270485c15fda3ef55d') in 0.002139 seconds
Number of updated asset objects reloaded before import = 0
Number of asset objects unloaded after import = 0
========================================================================
Received Import Request.
  Time since last request: 8.272753 seconds.
  path: Assets/SubGraph/UnityChanToonShaderVer2_Project-release-legacy-2.0/Assets/Toon/Materials
  artifactKey: Guid(405afcd68139376478687856043b29bf) Importer(815301076,1909f56bfc062723c751e8b465ee728b)
Start importing Assets/SubGraph/UnityChanToonShaderVer2_Project-release-legacy-2.0/Assets/Toon/Materials using Guid(405afcd68139376478687856043b29bf) Importer(815301076,1909f56bfc062723c751e8b465ee728b)  -> (artifact id: '547e496edabbf4663302aa2a06bcb70c') in 0.000459 seconds
Number of updated asset objects reloaded before import = 0
Number of asset objects unloaded after import = 0
========================================================================
Received Import Request.
  Time since last request: 0.054569 seconds.
  path: Assets/SubGraph/UnityChanToonShaderVer2_Project-release-legacy-2.0/Assets/Toon/Materials/CellTouch_ToonShader_Face.mat
  artifactKey: Guid(f326f3315365e374189d87c7606a8eff) Importer(815301076,1909f56bfc062723c751e8b465ee728b)
Start importing Assets/SubGraph/UnityChanToonShaderVer2_Project-release-legacy-2.0/Assets/Toon/Materials/CellTouch_ToonShader_Face.mat using Guid(f326f3315365e374189d87c7606a8eff) Importer(815301076,1909f56bfc062723c751e8b465ee728b)  -> (artifact id: '6c05f2fa1b4216cccee7116e81ea5ae4') in 0.108414 seconds
Number of updated asset objects reloaded before import = 0
Number of asset objects unloaded after import = 4
========================================================================
Received Import Request.
  Time since last request: 0.000029 seconds.
  path: Assets/SubGraph/UnityChanToonShaderVer2_Project-release-legacy-2.0/Assets/Toon/Materials/CellTouch_ToonShader_Main_Firefly.mat
  artifactKey: Guid(dfe70c22040b86f4181da2d4694cde40) Importer(815301076,1909f56bfc062723c751e8b465ee728b)
Start importing Assets/SubGraph/UnityChanToonShaderVer2_Project-release-legacy-2.0/Assets/Toon/Materials/CellTouch_ToonShader_Main_Firefly.mat using Guid(dfe70c22040b86f4181da2d4694cde40) Importer(815301076,1909f56bfc062723c751e8b465ee728b)  -> (artifact id: '23678d63f71599ae1b33decbddb58e43') in 0.034050 seconds
Number of updated asset objects reloaded before import = 0
Number of asset objects unloaded after import = 4
========================================================================
Received Import Request.
  Time since last request: 0.000019 seconds.
  path: Assets/SubGraph/UnityChanToonShaderVer2_Project-release-legacy-2.0/Assets/Toon/Materials/ToonShader_Head_Clipping_ABN.mat
  artifactKey: Guid(10aa25c6b3f092f4a80ed59d66862c3a) Importer(815301076,1909f56bfc062723c751e8b465ee728b)
Start importing Assets/SubGraph/UnityChanToonShaderVer2_Project-release-legacy-2.0/Assets/Toon/Materials/ToonShader_Head_Clipping_ABN.mat using Guid(10aa25c6b3f092f4a80ed59d66862c3a) Importer(815301076,1909f56bfc062723c751e8b465ee728b)  -> (artifact id: 'a0e682d8534769533b9607d7c2e7ca88') in 0.023684 seconds
Number of updated asset objects reloaded before import = 0
Number of asset objects unloaded after import = 6
========================================================================
Received Import Request.
  Time since last request: 0.000012 seconds.
  path: Assets/SubGraph/UnityChanToonShaderVer2_Project-release-legacy-2.0/Assets/Toon/Materials/ToonShader_Head_Clipping_Emissive.mat
  artifactKey: Guid(c2014e2a25d34e243965fc99d16cd103) Importer(815301076,1909f56bfc062723c751e8b465ee728b)
Start importing Assets/SubGraph/UnityChanToonShaderVer2_Project-release-legacy-2.0/Assets/Toon/Materials/ToonShader_Head_Clipping_Emissive.mat using Guid(c2014e2a25d34e243965fc99d16cd103) Importer(815301076,1909f56bfc062723c751e8b465ee728b)  -> (artifact id: '11cea54f0c730c2e3d61b3f747576585') in 0.012243 seconds
Number of updated asset objects reloaded before import = 0
Number of asset objects unloaded after import = 5
========================================================================
Received Import Request.
  Time since last request: 0.000017 seconds.
  path: Assets/SubGraph/UnityChanToonShaderVer2_Project-release-legacy-2.0/Assets/Toon/Materials/ToonShader_Eyebrow_StencilMask_ABN.mat
  artifactKey: Guid(3f9f734a88d2fc0478e0e8b838a38eb2) Importer(815301076,1909f56bfc062723c751e8b465ee728b)
Start importing Assets/SubGraph/UnityChanToonShaderVer2_Project-release-legacy-2.0/Assets/Toon/Materials/ToonShader_Eyebrow_StencilMask_ABN.mat using Guid(3f9f734a88d2fc0478e0e8b838a38eb2) Importer(815301076,1909f56bfc062723c751e8b465ee728b)  -> (artifact id: 'a2e1de8e984ac63c467d74f089884ccc') in 0.012064 seconds
Number of updated asset objects reloaded before import = 0
Number of asset objects unloaded after import = 5
========================================================================
Received Import Request.
  Time since last request: 4.613079 seconds.
  path: Assets/SubGraph/UnityChanToonShaderVer2_Project-release-legacy-2.0/Assets/UnityChan/License
  artifactKey: Guid(b99276c80d69bdb44a70b22925a34355) Importer(815301076,1909f56bfc062723c751e8b465ee728b)
Start importing Assets/SubGraph/UnityChanToonShaderVer2_Project-release-legacy-2.0/Assets/UnityChan/License using Guid(b99276c80d69bdb44a70b22925a34355) Importer(815301076,1909f56bfc062723c751e8b465ee728b)  -> (artifact id: '70e71f07fa53d7e8c0634741c6cb4d21') in 0.000509 seconds
Number of updated asset objects reloaded before import = 0
Number of asset objects unloaded after import = 0
========================================================================
Received Import Request.
  Time since last request: 0.943252 seconds.
  path: Assets/SubGraph/UnityChanToonShaderVer2_Project-release-legacy-2.0/Assets/UnityChan/SD_unitychan
  artifactKey: Guid(700bc05bc3431044193a348b6838b4a7) Importer(815301076,1909f56bfc062723c751e8b465ee728b)
Start importing Assets/SubGraph/UnityChanToonShaderVer2_Project-release-legacy-2.0/Assets/UnityChan/SD_unitychan using Guid(700bc05bc3431044193a348b6838b4a7) Importer(815301076,1909f56bfc062723c751e8b465ee728b)  -> (artifact id: 'a0ed751910944248c664be10d1de4d4c') in 0.000422 seconds
Number of updated asset objects reloaded before import = 0
Number of asset objects unloaded after import = 0
========================================================================
Received Import Request.
  Time since last request: 0.059149 seconds.
  path: Assets/SubGraph/UnityChanToonShaderVer2_Project-release-legacy-2.0/Assets/UnityChan/SD_unitychan/Emissive Blue.mat
  artifactKey: Guid(bf8ed613ca0b7a34989eaf0be0c445b8) Importer(815301076,1909f56bfc062723c751e8b465ee728b)
Start importing Assets/SubGraph/UnityChanToonShaderVer2_Project-release-legacy-2.0/Assets/UnityChan/SD_unitychan/Emissive Blue.mat using Guid(bf8ed613ca0b7a34989eaf0be0c445b8) Importer(815301076,1909f56bfc062723c751e8b465ee728b)  -> (artifact id: '40f02d032e41072a08cd3c61a83cee2c') in 0.020233 seconds
Number of updated asset objects reloaded before import = 0
Number of asset objects unloaded after import = 1
========================================================================
Received Import Request.
  Time since last request: 0.000011 seconds.
  path: Assets/SubGraph/UnityChanToonShaderVer2_Project-release-legacy-2.0/Assets/UnityChan/SD_unitychan/unitychan_tile3.png
  artifactKey: Guid(e03d9cf24087ffd428f67d9a1fe5dda2) Importer(815301076,1909f56bfc062723c751e8b465ee728b)
Start importing Assets/SubGraph/UnityChanToonShaderVer2_Project-release-legacy-2.0/Assets/UnityChan/SD_unitychan/unitychan_tile3.png using Guid(e03d9cf24087ffd428f67d9a1fe5dda2) Importer(815301076,1909f56bfc062723c751e8b465ee728b)  -> (artifact id: '3e6e2fce8e50d2c51e584a8dbe615fbb') in 0.012309 seconds
Number of updated asset objects reloaded before import = 0
Number of asset objects unloaded after import = 2
========================================================================
Received Import Request.
  Time since last request: 1.464150 seconds.
  path: Assets/SubGraph/UnityChanToonShaderVer2_Project-release-legacy-2.0/Assets/UnityChan/SD_unitychan/Prefabs
  artifactKey: Guid(90775f57ce581c94995f66790f9b428f) Importer(815301076,1909f56bfc062723c751e8b465ee728b)
Start importing Assets/SubGraph/UnityChanToonShaderVer2_Project-release-legacy-2.0/Assets/UnityChan/SD_unitychan/Prefabs using Guid(90775f57ce581c94995f66790f9b428f) Importer(815301076,1909f56bfc062723c751e8b465ee728b)  -> (artifact id: '1ed392ad54abe98b31edf3d7bc7db92f') in 0.000560 seconds
Number of updated asset objects reloaded before import = 0
Number of asset objects unloaded after import = 0
========================================================================
Received Import Request.
  Time since last request: 0.249858 seconds.
  path: Assets/SubGraph/UnityChanToonShaderVer2_Project-release-legacy-2.0/Assets/UnityChan/SD_unitychan/Prefabs/ToonShader_SD_unitychan_humanoid.prefab
  artifactKey: Guid(c353389ce56ddc54eafaf9b12ab56de1) Importer(815301076,1909f56bfc062723c751e8b465ee728b)
Start importing Assets/SubGraph/UnityChanToonShaderVer2_Project-release-legacy-2.0/Assets/UnityChan/SD_unitychan/Prefabs/ToonShader_SD_unitychan_humanoid.prefab using Guid(c353389ce56ddc54eafaf9b12ab56de1) Importer(815301076,1909f56bfc062723c751e8b465ee728b)  -> (artifact id: 'cd4606d69d1aea15cc7d406060aa8abe') in 0.135728 seconds
Internal: There are remaining Allocations on the JobTempAlloc. This is a leak, and will impact performance
To Debug, run app with -diag-job-temp-memory-leak-validation cmd line argument. This will output the callstacks of the leaked allocations.
Number of updated asset objects reloaded before import = 0
Number of asset objects unloaded after import = 446
========================================================================
Received Prepare
Begin MonoManager ReloadAssembly
Symbol file LoadedFromMemory doesn't match image C:\Users\ljy10\RenduDevoirUnity\Library\PackageCache\com.unity.visualscripting@1.8.0\Editor\VisualScripting.Core\Dependencies\YamlDotNet\Unity.VisualScripting.YamlDotNet.dll
Symbol file LoadedFromMemory doesn't match image C:\Users\ljy10\RenduDevoirUnity\Library\PackageCache\com.unity.visualscripting@1.8.0\Editor\VisualScripting.Core\Dependencies\DotNetZip\Unity.VisualScripting.IonicZip.dll
- Loaded All Assemblies, in  0.638 seconds
Refreshing native plugins compatible for Editor in 4.35 ms, found 3 plugins.
Native extension for WindowsStandalone target not found
[Package Manager] Server::EnsureServerProcessIsRunning -- launch failed, reason: Unity was launched with the -noUpm command-line argument
[Package Manager] UpmClient::Send -- Unable to send message (not connected to UPM process).
[Package Manager] Cannot connect to Unity Package Manager local server
Mono: successfully reloaded assembly
- Finished resetting the current domain, in  1.036 seconds
Domain Reload Profiling: 1668ms
	BeginReloadAssembly (128ms)
		ExecutionOrderSort (0ms)
		DisableScriptedObjects (2ms)
		BackupInstance (0ms)
		ReleaseScriptingObjects (0ms)
		CreateAndSetChildDomain (33ms)
	RebuildCommonClasses (28ms)
	RebuildNativeTypeToScriptingClass (14ms)
	initialDomainReloadingComplete (32ms)
	LoadAllAssembliesAndSetupDomain (429ms)
		LoadAssemblies (233ms)
		RebuildTransferFunctionScriptingTraits (0ms)
		AnalyzeDomain (246ms)
			TypeCache.Refresh (240ms)
				TypeCache.ScanAssembly (232ms)
			ScanForSourceGeneratedMonoScriptInfo (3ms)
			ResolveRequiredComponents (3ms)
	FinalizeReload (1037ms)
		ReleaseScriptCaches (0ms)
		RebuildScriptCaches (0ms)
		SetupLoadedEditorAssemblies (343ms)
			LogAssemblyErrors (0ms)
			InitializePlatformSupportModulesInManaged (4ms)
			SetLoadedEditorAssemblies (2ms)
			RefreshPlugins (0ms)
			BeforeProcessingInitializeOnLoad (51ms)
			ProcessInitializeOnLoadAttributes (229ms)
			ProcessInitializeOnLoadMethodAttributes (47ms)
			AfterProcessingInitializeOnLoad (9ms)
			EditorAssembliesLoaded (0ms)
		ExecutionOrderSort2 (0ms)
		AwakeInstancesAfterBackupRestoration (5ms)
Refreshing native plugins compatible for Editor in 6.80 ms, found 3 plugins.
Preloading 0 native plugins for Editor in 0.00 ms.
Unloading 4134 Unused Serialized files (Serialized files now loaded: 0)
Unloading 94 unused Assets / (350.0 KB). Loaded Objects now: 4725.
Memory consumption went from 150.9 MB to 150.6 MB.
Total: 2.490800 ms (FindLiveObjects: 0.214800 ms CreateObjectMapping: 0.119200 ms MarkObjects: 2.033300 ms  DeleteObjects: 0.122400 ms)

Prepare: number of updated asset objects reloaded= 23
AssetImportParameters requested are different than current active one (requested -> active):
  custom:container-demuxer-ogg: 62fdf1f143b41e24485cea50d1cbac27 -> 
  custom:video-codec-MediaFoundation-h265: 746d11721c4dcdbdad8f713fa42b33f4 -> 
  custom:video-decoder-ogg-theora: a1e56fd34408186e4bbccfd4996cb3dc -> 
  custom:framework-win-MediaFoundation: 216162199b28c13a410421893ffa2e32 -> 
  custom:CustomObjectIndexerAttribute: 756ad292c208cfabdd7b50bc23989ffe -> 
  custom:container-demuxer-webm: 4f35f7cbe854078d1ac9338744f61a02 -> 
  custom:container-muxer-webm: aa71ff27fc2769a1b78a27578f13a17b -> 
  custom:video-decoder-webm-vp8: 9c59270c3fd7afecdb556c50c9e8de78 -> 
  custom:SearchIndexIgnoredProperties: e643bd26f0fe6173181afceb89e7c659 -> 
  custom:AudioImporter_EditorPlatform: d09bf68614088b80899f8185d706f6e7 -> 
  custom:video-encoder-webm-vp8: eb34c28f22e8b96e1ab97ce403110664 -> 
  custom:audio-decoder-ogg-vorbis: bf7c407c2cedff20999df2af8eb42d56 -> 
  custom:audio-encoder-webm-vorbis: bf7c407c2cedff20999df2af8eb42d56 -> 
Editor requested this worker to shutdown with reason: Scaling down because of idle timeout
TcpMessagingSession - receive error: operation aborted. errorcode: 995, details: 由于线程退出或应用程序请求，已中止 I/O 操作。
AssetImportWorker is now disconnected from the server
Process exiting
Exiting without the bug reporter. Application will terminate with return code 0