Using pre-set license
Built from '2022.3/staging' branch; Version is '2022.3.6f1 (b9e6e7e9fa2d) revision 12183271'; Using compiler version '192829333'; Build Type 'Release'
OS: 'Windows 11  (10.0.22631) 64bit Core' Language: 'zh' Physical Memory: 32435 MB
BatchMode: 1, IsHumanControllingUs: 0, StartBugReporterOnCrash: 0, Is64bit: 1, IsPro: 1

COMMAND LINE ARGUMENTS:
C:\Program Files\Unity\Hub\Editor\2022.3.6f1\Editor\Unity.exe
-adb2
-batchMode
-noUpm
-name
AssetImportWorker1
-projectPath
C:/Users/ljy10/RenduDevoirUnity
-logFile
Logs/AssetImportWorker1.log
-srvPort
61185
Successfully changed project path to: C:/Users/ljy10/RenduDevoirUnity
C:/Users/ljy10/RenduDevoirUnity
[UnityMemory] Configuration Parameters - Can be set up in boot.config
    "memorysetup-bucket-allocator-granularity=16"
    "memorysetup-bucket-allocator-bucket-count=8"
    "memorysetup-bucket-allocator-block-size=33554432"
    "memorysetup-bucket-allocator-block-count=8"
    "memorysetup-main-allocator-block-size=16777216"
    "memorysetup-thread-allocator-block-size=16777216"
    "memorysetup-gfx-main-allocator-block-size=16777216"
    "memorysetup-gfx-thread-allocator-block-size=16777216"
    "memorysetup-cache-allocator-block-size=4194304"
    "memorysetup-typetree-allocator-block-size=2097152"
    "memorysetup-profiler-bucket-allocator-granularity=16"
    "memorysetup-profiler-bucket-allocator-bucket-count=8"
    "memorysetup-profiler-bucket-allocator-block-size=33554432"
    "memorysetup-profiler-bucket-allocator-block-count=8"
    "memorysetup-profiler-allocator-block-size=16777216"
    "memorysetup-profiler-editor-allocator-block-size=1048576"
    "memorysetup-temp-allocator-size-main=16777216"
    "memorysetup-job-temp-allocator-block-size=2097152"
    "memorysetup-job-temp-allocator-block-size-background=1048576"
    "memorysetup-job-temp-allocator-reduction-small-platforms=262144"
    "memorysetup-allocator-temp-initial-block-size-main=262144"
    "memorysetup-allocator-temp-initial-block-size-worker=262144"
    "memorysetup-temp-allocator-size-background-worker=32768"
    "memorysetup-temp-allocator-size-job-worker=262144"
    "memorysetup-temp-allocator-size-preload-manager=33554432"
    "memorysetup-temp-allocator-size-nav-mesh-worker=65536"
    "memorysetup-temp-allocator-size-audio-worker=65536"
    "memorysetup-temp-allocator-size-cloud-worker=32768"
    "memorysetup-temp-allocator-size-gi-baking-worker=262144"
    "memorysetup-temp-allocator-size-gfx=262144"
Player connection [24044] Host "[IP] 192.168.1.25 [Port] 0 [Flags] 2 [Guid] 2454143848 [EditorId] 2454143848 [Version] 1048832 [Id] WindowsEditor(7,LUO-Jingyi) [Debug] 1 [PackageName] WindowsEditor [ProjectName] Editor" joined multi-casting on [225.0.0.222:54997]...

Player connection [24044] Host "[IP] 192.168.1.25 [Port] 0 [Flags] 2 [Guid] 2454143848 [EditorId] 2454143848 [Version] 1048832 [Id] WindowsEditor(7,LUO-Jingyi) [Debug] 1 [PackageName] WindowsEditor [ProjectName] Editor" joined alternative multi-casting on [225.0.0.222:34997]...

Refreshing native plugins compatible for Editor in 6.30 ms, found 3 plugins.
Preloading 0 native plugins for Editor in 0.00 ms.
Initialize engine version: 2022.3.6f1 (b9e6e7e9fa2d)
[Subsystems] Discovering subsystems at path C:/Program Files/Unity/Hub/Editor/2022.3.6f1/Editor/Data/Resources/UnitySubsystems
[Subsystems] Discovering subsystems at path C:/Users/ljy10/RenduDevoirUnity/Assets
GfxDevice: creating device client; threaded=0; jobified=0
Direct3D:
    Version:  Direct3D 11.0 [level 11.1]
    Renderer: NVIDIA GeForce RTX 3070 Ti Laptop GPU (ID=0x24e0)
    Vendor:   NVIDIA
    VRAM:     8032 MB
    Driver:   31.0.15.4665
Initialize mono
Mono path[0] = 'C:/Program Files/Unity/Hub/Editor/2022.3.6f1/Editor/Data/Managed'
Mono path[1] = 'C:/Program Files/Unity/Hub/Editor/2022.3.6f1/Editor/Data/MonoBleedingEdge/lib/mono/unityjit-win32'
Mono config path = 'C:/Program Files/Unity/Hub/Editor/2022.3.6f1/Editor/Data/MonoBleedingEdge/etc'
Using monoOptions --debugger-agent=transport=dt_socket,embedding=1,server=y,suspend=n,address=127.0.0.1:56060
Begin MonoManager ReloadAssembly
Registering precompiled unity dll's ...
Register platform support module: C:/Program Files/Unity/Hub/Editor/2022.3.6f1/Editor/Data/PlaybackEngines/WindowsStandaloneSupport/UnityEditor.WindowsStandalone.Extensions.dll
Registered in 0.004709 seconds.
- Loaded All Assemblies, in  0.250 seconds
Native extension for WindowsStandalone target not found
Mono: successfully reloaded assembly
- Finished resetting the current domain, in  0.193 seconds
Domain Reload Profiling: 441ms
	BeginReloadAssembly (66ms)
		ExecutionOrderSort (0ms)
		DisableScriptedObjects (0ms)
		BackupInstance (0ms)
		ReleaseScriptingObjects (0ms)
		CreateAndSetChildDomain (1ms)
	RebuildCommonClasses (24ms)
	RebuildNativeTypeToScriptingClass (7ms)
	initialDomainReloadingComplete (44ms)
	LoadAllAssembliesAndSetupDomain (106ms)
		LoadAssemblies (64ms)
		RebuildTransferFunctionScriptingTraits (0ms)
		AnalyzeDomain (99ms)
			TypeCache.Refresh (98ms)
				TypeCache.ScanAssembly (89ms)
			ScanForSourceGeneratedMonoScriptInfo (0ms)
			ResolveRequiredComponents (0ms)
	FinalizeReload (194ms)
		ReleaseScriptCaches (0ms)
		RebuildScriptCaches (0ms)
		SetupLoadedEditorAssemblies (151ms)
			LogAssemblyErrors (0ms)
			InitializePlatformSupportModulesInManaged (7ms)
			SetLoadedEditorAssemblies (6ms)
			RefreshPlugins (0ms)
			BeforeProcessingInitializeOnLoad (2ms)
			ProcessInitializeOnLoadAttributes (103ms)
			ProcessInitializeOnLoadMethodAttributes (33ms)
			AfterProcessingInitializeOnLoad (0ms)
			EditorAssembliesLoaded (0ms)
		ExecutionOrderSort2 (0ms)
		AwakeInstancesAfterBackupRestoration (0ms)
========================================================================
Worker process is ready to serve import requests
Begin MonoManager ReloadAssembly
Symbol file LoadedFromMemory doesn't match image C:\Users\ljy10\RenduDevoirUnity\Library\PackageCache\com.unity.visualscripting@1.8.0\Editor\VisualScripting.Core\Dependencies\YamlDotNet\Unity.VisualScripting.YamlDotNet.dll
Symbol file LoadedFromMemory doesn't match image C:\Users\ljy10\RenduDevoirUnity\Library\PackageCache\com.unity.visualscripting@1.8.0\Editor\VisualScripting.Core\Dependencies\DotNetZip\Unity.VisualScripting.IonicZip.dll
- Loaded All Assemblies, in  0.550 seconds
Refreshing native plugins compatible for Editor in 3.40 ms, found 3 plugins.
Native extension for WindowsStandalone target not found
Package Manager log level set to [2]
[Package Manager] Server::EnsureServerProcessIsRunning -- launch failed, reason: Unity was launched with the -noUpm command-line argument
[Package Manager] UpmClient::Send -- Unable to send message (not connected to UPM process).
[Package Manager] Cannot connect to Unity Package Manager local server
Mono: successfully reloaded assembly
- Finished resetting the current domain, in  0.466 seconds
Domain Reload Profiling: 1012ms
	BeginReloadAssembly (98ms)
		ExecutionOrderSort (0ms)
		DisableScriptedObjects (4ms)
		BackupInstance (0ms)
		ReleaseScriptingObjects (0ms)
		CreateAndSetChildDomain (16ms)
	RebuildCommonClasses (25ms)
	RebuildNativeTypeToScriptingClass (7ms)
	initialDomainReloadingComplete (33ms)
	LoadAllAssembliesAndSetupDomain (383ms)
		LoadAssemblies (198ms)
		RebuildTransferFunctionScriptingTraits (0ms)
		AnalyzeDomain (226ms)
			TypeCache.Refresh (210ms)
				TypeCache.ScanAssembly (202ms)
			ScanForSourceGeneratedMonoScriptInfo (13ms)
			ResolveRequiredComponents (3ms)
	FinalizeReload (466ms)
		ReleaseScriptCaches (0ms)
		RebuildScriptCaches (0ms)
		SetupLoadedEditorAssemblies (353ms)
			LogAssemblyErrors (0ms)
			InitializePlatformSupportModulesInManaged (5ms)
			SetLoadedEditorAssemblies (2ms)
			RefreshPlugins (0ms)
			BeforeProcessingInitializeOnLoad (53ms)
			ProcessInitializeOnLoadAttributes (237ms)
			ProcessInitializeOnLoadMethodAttributes (48ms)
			AfterProcessingInitializeOnLoad (9ms)
			EditorAssembliesLoaded (0ms)
		ExecutionOrderSort2 (0ms)
		AwakeInstancesAfterBackupRestoration (5ms)
Launched and connected shader compiler UnityShaderCompiler.exe after 0.04 seconds
Refreshing native plugins compatible for Editor in 3.40 ms, found 3 plugins.
Preloading 0 native plugins for Editor in 0.00 ms.
Unloading 4155 Unused Serialized files (Serialized files now loaded: 0)
Unloading 42 unused Assets / (345.5 KB). Loaded Objects now: 4617.
Memory consumption went from 146.1 MB to 145.8 MB.
Total: 2.662400 ms (FindLiveObjects: 0.204600 ms CreateObjectMapping: 0.098900 ms MarkObjects: 2.234200 ms  DeleteObjects: 0.123500 ms)

AssetImportParameters requested are different than current active one (requested -> active):
  custom:container-demuxer-ogg: 62fdf1f143b41e24485cea50d1cbac27 -> 
  custom:video-codec-MediaFoundation-h265: 746d11721c4dcdbdad8f713fa42b33f4 -> 
  custom:video-decoder-ogg-theora: a1e56fd34408186e4bbccfd4996cb3dc -> 
  custom:framework-win-MediaFoundation: 216162199b28c13a410421893ffa2e32 -> 
  custom:container-demuxer-webm: 4f35f7cbe854078d1ac9338744f61a02 -> 
  custom:container-muxer-webm: aa71ff27fc2769a1b78a27578f13a17b -> 
  custom:video-decoder-webm-vp8: 9c59270c3fd7afecdb556c50c9e8de78 -> 
  custom:AudioImporter_EditorPlatform: d09bf68614088b80899f8185d706f6e7 -> 
  custom:video-encoder-webm-vp8: eb34c28f22e8b96e1ab97ce403110664 -> 
  custom:audio-decoder-ogg-vorbis: bf7c407c2cedff20999df2af8eb42d56 -> 
  custom:audio-encoder-webm-vorbis: bf7c407c2cedff20999df2af8eb42d56 -> 
========================================================================
Received Import Request.
  Time since last request: 138006.857913 seconds.
  path: Assets/Material/Mug.mat
  artifactKey: Guid(1387cc9a8f16a214d9e25a6c9afe33d2) Importer(815301076,1909f56bfc062723c751e8b465ee728b)
Start importing Assets/Material/Mug.mat using Guid(1387cc9a8f16a214d9e25a6c9afe33d2) Importer(815301076,1909f56bfc062723c751e8b465ee728b) Shader error in 'UnityChanToonShader/Toon_ShadingGradeMap_StencilMask': Couldn't open include file 'UCTS_Outline.cginc'. at line 186
Shader error in 'UnityChanToonShader/Toon_ShadingGradeMap_StencilMask': Couldn't open include file 'UCTS_ShadingGradeMap.cginc'. at line 223
Shader error in 'UnityChanToonShader/Toon_ShadingGradeMap_StencilMask': Couldn't open include file 'UCTS_ShadingGradeMap.cginc'. at line 259
Shader error in 'UnityChanToonShader/Toon_ShadingGradeMap_StencilMask': Couldn't open include file 'UCTS_ShadowCaster.cginc'. at line 284
Shader error in 'UnityChanToonShader/Toon_ShadingGradeMap_StencilMask': Couldn't open include file 'UCTS_Outline.cginc'. at line 186
Shader error in 'UnityChanToonShader/Toon_ShadingGradeMap_StencilMask': Couldn't open include file 'UCTS_ShadingGradeMap.cginc'. at line 223
Shader error in 'UnityChanToonShader/Toon_ShadingGradeMap_StencilMask': Couldn't open include file 'UCTS_ShadingGradeMap.cginc'. at line 259
Shader error in 'UnityChanToonShader/Toon_ShadingGradeMap_StencilMask': Couldn't open include file 'UCTS_ShadowCaster.cginc'. at line 284
Shader error in 'UnityChanToonShader/Toon_ShadingGradeMap_StencilMask': Couldn't open include file 'UCTS_Outline.cginc'. at line 186
Shader error in 'UnityChanToonShader/Toon_ShadingGradeMap_StencilMask': Couldn't open include file 'UCTS_ShadingGradeMap.cginc'. at line 223
Shader error in 'UnityChanToonShader/Toon_ShadingGradeMap_StencilMask': Couldn't open include file 'UCTS_ShadingGradeMap.cginc'. at line 259
Shader error in 'UnityChanToonShader/Toon_ShadingGradeMap_StencilMask': Couldn't open include file 'UCTS_ShadowCaster.cginc'. at line 284
Shader error in 'UnityChanToonShader/Toon_ShadingGradeMap_StencilMask': Couldn't open include file 'UCTS_Outline.cginc'. at line 186
Shader error in 'UnityChanToonShader/Toon_ShadingGradeMap_StencilMask': Couldn't open include file 'UCTS_ShadingGradeMap.cginc'. at line 223
Shader error in 'UnityChanToonShader/Toon_ShadingGradeMap_StencilMask': Couldn't open include file 'UCTS_ShadingGradeMap.cginc'. at line 259
Shader error in 'UnityChanToonShader/Toon_ShadingGradeMap_StencilMask': Couldn't open include file 'UCTS_ShadowCaster.cginc'. at line 284
Shader error in 'UnityChanToonShader/Toon_ShadingGradeMap_StencilMask': Couldn't open include file 'UCTS_Outline.cginc'. at line 186
Shader error in 'UnityChanToonShader/Toon_ShadingGradeMap_StencilMask': Couldn't open include file 'UCTS_ShadingGradeMap.cginc'. at line 223
Shader error in 'UnityChanToonShader/Toon_ShadingGradeMap_StencilMask': Couldn't open include file 'UCTS_ShadingGradeMap.cginc'. at line 259
Shader error in 'UnityChanToonShader/Toon_ShadingGradeMap_StencilMask': Couldn't open include file 'UCTS_ShadowCaster.cginc'. at line 284
Shader error in 'UnityChanToonShader/Toon_ShadingGradeMap_StencilMask': Couldn't open include file 'UCTS_Outline.cginc'. at line 186
Shader error in 'UnityChanToonShader/Toon_ShadingGradeMap_StencilMask': Couldn't open include file 'UCTS_ShadingGradeMap.cginc'. at line 223
Shader error in 'UnityChanToonShader/Toon_ShadingGradeMap_StencilMask': Couldn't open include file 'UCTS_ShadingGradeMap.cginc'. at line 259
Shader error in 'UnityChanToonShader/Toon_ShadingGradeMap_StencilMask': Couldn't open include file 'UCTS_ShadowCaster.cginc'. at line 284
Shader error in 'UnityChanToonShader/Toon_ShadingGradeMap_StencilMask': Couldn't open include file 'UCTS_Outline.cginc'. at line 186
Shader error in 'UnityChanToonShader/Toon_ShadingGradeMap_StencilMask': Couldn't open include file 'UCTS_ShadingGradeMap.cginc'. at line 223
Shader error in 'UnityChanToonShader/Toon_ShadingGradeMap_StencilMask': Couldn't open include file 'UCTS_ShadingGradeMap.cginc'. at line 259
Shader error in 'UnityChanToonShader/Toon_ShadingGradeMap_StencilMask': Couldn't open include file 'UCTS_ShadowCaster.cginc'. at line 284
Shader error in 'UnityChanToonShader/Toon_ShadingGradeMap_StencilMask': Couldn't open include file 'UCTS_Outline.cginc'. at line 186
Shader error in 'UnityChanToonShader/Toon_ShadingGradeMap_StencilMask': Couldn't open include file 'UCTS_ShadingGradeMap.cginc'. at line 223
Shader error in 'UnityChanToonShader/Toon_ShadingGradeMap_StencilMask': Couldn't open include file 'UCTS_ShadingGradeMap.cginc'. at line 259
Shader error in 'UnityChanToonShader/Toon_ShadingGradeMap_StencilMask': Couldn't open include file 'UCTS_ShadowCaster.cginc'. at line 284
 -> (artifact id: 'f63d1132bcfc9af6d0d392dc5dd0bb35') in 0.088621 seconds
Number of updated asset objects reloaded before import = 0
Number of asset objects unloaded after import = 2
========================================================================
Received Import Request.
  Time since last request: 0.000025 seconds.
  path: Assets/Material/Lemon.mat
  artifactKey: Guid(79827d1dae571464b8fd0e18931f096c) Importer(815301076,1909f56bfc062723c751e8b465ee728b)
Start importing Assets/Material/Lemon.mat using Guid(79827d1dae571464b8fd0e18931f096c) Importer(815301076,1909f56bfc062723c751e8b465ee728b)  -> (artifact id: '7aee136417fedbcf76ad64558c1ce2cf') in 0.017055 seconds
Number of updated asset objects reloaded before import = 0
Number of asset objects unloaded after import = 5
========================================================================
Received Import Request.
  Time since last request: 0.000014 seconds.
  path: Assets/Material/Apple.mat
  artifactKey: Guid(74c11ef0cf17e994aa84358d3c0ff169) Importer(815301076,1909f56bfc062723c751e8b465ee728b)
Start importing Assets/Material/Apple.mat using Guid(74c11ef0cf17e994aa84358d3c0ff169) Importer(815301076,1909f56bfc062723c751e8b465ee728b)  -> (artifact id: 'f0604981c040732ee4484a1ed2a2d5be') in 0.004708 seconds
Number of updated asset objects reloaded before import = 0
Number of asset objects unloaded after import = 1
========================================================================
Received Prepare
Refreshing native plugins compatible for Editor in 3.04 ms, found 3 plugins.
Preloading 0 native plugins for Editor in 0.00 ms.
Unloading 2 Unused Serialized files (Serialized files now loaded: 0)
Unloading 3 unused Assets / (291.1 KB). Loaded Objects now: 4659.
Memory consumption went from 82.3 MB to 82.1 MB.
Total: 3.134400 ms (FindLiveObjects: 0.270100 ms CreateObjectMapping: 0.215700 ms MarkObjects: 2.576600 ms  DeleteObjects: 0.070900 ms)

Prepare: number of updated asset objects reloaded= 0
AssetImportParameters requested are different than current active one (requested -> active):
  custom:container-demuxer-ogg: 62fdf1f143b41e24485cea50d1cbac27 -> 
  custom:video-codec-MediaFoundation-h265: 746d11721c4dcdbdad8f713fa42b33f4 -> 
  custom:video-decoder-ogg-theora: a1e56fd34408186e4bbccfd4996cb3dc -> 
  custom:framework-win-MediaFoundation: 216162199b28c13a410421893ffa2e32 -> 
  custom:CustomObjectIndexerAttribute: 756ad292c208cfabdd7b50bc23989ffe -> 
  custom:container-demuxer-webm: 4f35f7cbe854078d1ac9338744f61a02 -> 
  custom:container-muxer-webm: aa71ff27fc2769a1b78a27578f13a17b -> 
  custom:video-decoder-webm-vp8: 9c59270c3fd7afecdb556c50c9e8de78 -> 
  custom:SearchIndexIgnoredProperties: e643bd26f0fe6173181afceb89e7c659 -> 
  custom:AudioImporter_EditorPlatform: d09bf68614088b80899f8185d706f6e7 -> 
  custom:video-encoder-webm-vp8: eb34c28f22e8b96e1ab97ce403110664 -> 
  custom:audio-decoder-ogg-vorbis: bf7c407c2cedff20999df2af8eb42d56 -> 
  custom:audio-encoder-webm-vorbis: bf7c407c2cedff20999df2af8eb42d56 -> 
========================================================================
Received Prepare
Begin MonoManager ReloadAssembly
Symbol file LoadedFromMemory doesn't match image C:\Users\ljy10\RenduDevoirUnity\Library\PackageCache\com.unity.visualscripting@1.8.0\Editor\VisualScripting.Core\Dependencies\YamlDotNet\Unity.VisualScripting.YamlDotNet.dll
Symbol file LoadedFromMemory doesn't match image C:\Users\ljy10\RenduDevoirUnity\Library\PackageCache\com.unity.visualscripting@1.8.0\Editor\VisualScripting.Core\Dependencies\DotNetZip\Unity.VisualScripting.IonicZip.dll
- Loaded All Assemblies, in  0.552 seconds
Refreshing native plugins compatible for Editor in 3.65 ms, found 3 plugins.
Native extension for WindowsStandalone target not found
[Package Manager] Server::EnsureServerProcessIsRunning -- launch failed, reason: Unity was launched with the -noUpm command-line argument
[Package Manager] UpmClient::Send -- Unable to send message (not connected to UPM process).
[Package Manager] Cannot connect to Unity Package Manager local server
Mono: successfully reloaded assembly
- Finished resetting the current domain, in  0.873 seconds
Domain Reload Profiling: 1421ms
	BeginReloadAssembly (121ms)
		ExecutionOrderSort (0ms)
		DisableScriptedObjects (2ms)
		BackupInstance (0ms)
		ReleaseScriptingObjects (0ms)
		CreateAndSetChildDomain (35ms)
	RebuildCommonClasses (28ms)
	RebuildNativeTypeToScriptingClass (8ms)
	initialDomainReloadingComplete (27ms)
	LoadAllAssembliesAndSetupDomain (363ms)
		LoadAssemblies (193ms)
		RebuildTransferFunctionScriptingTraits (0ms)
		AnalyzeDomain (210ms)
			TypeCache.Refresh (204ms)
				TypeCache.ScanAssembly (197ms)
			ScanForSourceGeneratedMonoScriptInfo (3ms)
			ResolveRequiredComponents (3ms)
	FinalizeReload (874ms)
		ReleaseScriptCaches (0ms)
		RebuildScriptCaches (0ms)
		SetupLoadedEditorAssemblies (310ms)
			LogAssemblyErrors (0ms)
			InitializePlatformSupportModulesInManaged (5ms)
			SetLoadedEditorAssemblies (3ms)
			RefreshPlugins (0ms)
			BeforeProcessingInitializeOnLoad (53ms)
			ProcessInitializeOnLoadAttributes (195ms)
			ProcessInitializeOnLoadMethodAttributes (46ms)
			AfterProcessingInitializeOnLoad (9ms)
			EditorAssembliesLoaded (0ms)
		ExecutionOrderSort2 (0ms)
		AwakeInstancesAfterBackupRestoration (5ms)
Refreshing native plugins compatible for Editor in 3.64 ms, found 3 plugins.
Preloading 0 native plugins for Editor in 0.00 ms.
Unloading 4266 Unused Serialized files (Serialized files now loaded: 0)
Unloading 57 unused Assets / (2.7 MB). Loaded Objects now: 4765.
Memory consumption went from 157.0 MB to 154.3 MB.
Total: 2.816000 ms (FindLiveObjects: 0.206600 ms CreateObjectMapping: 0.100600 ms MarkObjects: 1.936300 ms  DeleteObjects: 0.571600 ms)

Prepare: number of updated asset objects reloaded= 1
AssetImportParameters requested are different than current active one (requested -> active):
  custom:container-demuxer-ogg: 62fdf1f143b41e24485cea50d1cbac27 -> 
  custom:video-codec-MediaFoundation-h265: 746d11721c4dcdbdad8f713fa42b33f4 -> 
  custom:video-decoder-ogg-theora: a1e56fd34408186e4bbccfd4996cb3dc -> 
  custom:framework-win-MediaFoundation: 216162199b28c13a410421893ffa2e32 -> 
  custom:CustomObjectIndexerAttribute: 756ad292c208cfabdd7b50bc23989ffe -> 
  custom:container-demuxer-webm: 4f35f7cbe854078d1ac9338744f61a02 -> 
  custom:container-muxer-webm: aa71ff27fc2769a1b78a27578f13a17b -> 
  custom:video-decoder-webm-vp8: 9c59270c3fd7afecdb556c50c9e8de78 -> 
  custom:SearchIndexIgnoredProperties: e643bd26f0fe6173181afceb89e7c659 -> 
  custom:AudioImporter_EditorPlatform: d09bf68614088b80899f8185d706f6e7 -> 
  custom:video-encoder-webm-vp8: eb34c28f22e8b96e1ab97ce403110664 -> 
  custom:audio-decoder-ogg-vorbis: bf7c407c2cedff20999df2af8eb42d56 -> 
  custom:audio-encoder-webm-vorbis: bf7c407c2cedff20999df2af8eb42d56 -> 
========================================================================
Received Import Request.
  Time since last request: 76.645320 seconds.
  path: Assets/SubGraph/UnityChanToonShaderVer2_Project-release-legacy-2.0/Assets/Sample Scenes/ToonShader_CelLook.asset
  artifactKey: Guid(b8ec182ca69f9bb4bb966f9e2b639467) Importer(815301076,1909f56bfc062723c751e8b465ee728b)
Start importing Assets/SubGraph/UnityChanToonShaderVer2_Project-release-legacy-2.0/Assets/Sample Scenes/ToonShader_CelLook.asset using Guid(b8ec182ca69f9bb4bb966f9e2b639467) Importer(815301076,1909f56bfc062723c751e8b465ee728b)  -> (artifact id: '69532365e4786f10704828be458c60b2') in 0.010045 seconds
Number of updated asset objects reloaded before import = 0
Number of asset objects unloaded after import = 1
========================================================================
Received Import Request.
  Time since last request: 0.000308 seconds.
  path: Assets/SubGraph/UnityChanToonShaderVer2_Project-release-legacy-2.0/Assets/Sample Scenes/ToonShader_Firefly.asset
  artifactKey: Guid(584d46fcc44c29e4aa6ff6311730afb8) Importer(815301076,1909f56bfc062723c751e8b465ee728b)
Start importing Assets/SubGraph/UnityChanToonShaderVer2_Project-release-legacy-2.0/Assets/Sample Scenes/ToonShader_Firefly.asset using Guid(584d46fcc44c29e4aa6ff6311730afb8) Importer(815301076,1909f56bfc062723c751e8b465ee728b)  -> (artifact id: '28e8c53205d67e642b0ce58fcefcdd49') in 0.000905 seconds
Number of updated asset objects reloaded before import = 0
Number of asset objects unloaded after import = 1
========================================================================
Received Import Request.
  Time since last request: 10.091095 seconds.
  path: Assets/SubGraph/UnityChanToonShaderVer2_Project-release-legacy-2.0/Manual/Images_jpg/0102-06_02.jpg
  artifactKey: Guid(e45422e0c71b5e344a725d319637177c) Importer(815301076,1909f56bfc062723c751e8b465ee728b)
Start importing Assets/SubGraph/UnityChanToonShaderVer2_Project-release-legacy-2.0/Manual/Images_jpg/0102-06_02.jpg using Guid(e45422e0c71b5e344a725d319637177c) Importer(815301076,1909f56bfc062723c751e8b465ee728b)  -> (artifact id: 'dfc40c26773299725931a476973ac0c4') in 0.025889 seconds
Number of updated asset objects reloaded before import = 0
Number of asset objects unloaded after import = 2
========================================================================
Received Import Request.
  Time since last request: 0.757364 seconds.
  path: Assets/SubGraph/UnityChanToonShaderVer2_Project-release-legacy-2.0/Manual/Images_jpg/0102-22_03.jpg
  artifactKey: Guid(4418d7f570d1ff24f8709f9d8f26af25) Importer(815301076,1909f56bfc062723c751e8b465ee728b)
Start importing Assets/SubGraph/UnityChanToonShaderVer2_Project-release-legacy-2.0/Manual/Images_jpg/0102-22_03.jpg using Guid(4418d7f570d1ff24f8709f9d8f26af25) Importer(815301076,1909f56bfc062723c751e8b465ee728b)  -> (artifact id: 'd9a53bd6a1367cd46a0bd5a97a7d138a') in 0.014101 seconds
Number of updated asset objects reloaded before import = 0
Number of asset objects unloaded after import = 2
========================================================================
Received Import Request.
  Time since last request: 0.730424 seconds.
  path: Assets/SubGraph/UnityChanToonShaderVer2_Project-release-legacy-2.0/Manual/Images_jpg/0105-22_05_eng.jpg
  artifactKey: Guid(e9c2bae044cf9aa4c85432ccaeeb9615) Importer(815301076,1909f56bfc062723c751e8b465ee728b)
Start importing Assets/SubGraph/UnityChanToonShaderVer2_Project-release-legacy-2.0/Manual/Images_jpg/0105-22_05_eng.jpg using Guid(e9c2bae044cf9aa4c85432ccaeeb9615) Importer(815301076,1909f56bfc062723c751e8b465ee728b)  -> (artifact id: '9df7f24ab2117cad7d9388e899575881') in 0.013070 seconds
Number of updated asset objects reloaded before import = 0
Number of asset objects unloaded after import = 2
========================================================================
Received Import Request.
  Time since last request: 0.822166 seconds.
  path: Assets/SubGraph/UnityChanToonShaderVer2_Project-release-legacy-2.0/Manual/Images_jpg/0105-22_08.jpg
  artifactKey: Guid(a0b10c8fe1b243e459bc65d378cb1ad9) Importer(815301076,1909f56bfc062723c751e8b465ee728b)
Start importing Assets/SubGraph/UnityChanToonShaderVer2_Project-release-legacy-2.0/Manual/Images_jpg/0105-22_08.jpg using Guid(a0b10c8fe1b243e459bc65d378cb1ad9) Importer(815301076,1909f56bfc062723c751e8b465ee728b)  -> (artifact id: '7030b6415487aafaf504dd3d89c1af52') in 0.013635 seconds
Number of updated asset objects reloaded before import = 0
Number of asset objects unloaded after import = 2
========================================================================
Received Import Request.
  Time since last request: 0.000032 seconds.
  path: Assets/SubGraph/UnityChanToonShaderVer2_Project-release-legacy-2.0/Manual/Images_jpg/1230-12_01.jpg
  artifactKey: Guid(6c7ee1ae58acbcc41b1e520fc7f413dd) Importer(815301076,1909f56bfc062723c751e8b465ee728b)
Start importing Assets/SubGraph/UnityChanToonShaderVer2_Project-release-legacy-2.0/Manual/Images_jpg/1230-12_01.jpg using Guid(6c7ee1ae58acbcc41b1e520fc7f413dd) Importer(815301076,1909f56bfc062723c751e8b465ee728b)  -> (artifact id: '05c438de3f1e0a52ea1a1942ef7d3c9d') in 0.010094 seconds
Number of updated asset objects reloaded before import = 0
Number of asset objects unloaded after import = 2
========================================================================
Received Import Request.
  Time since last request: 0.000016 seconds.
  path: Assets/SubGraph/UnityChanToonShaderVer2_Project-release-legacy-2.0/Manual/Images_jpg/1230-11_08.jpg
  artifactKey: Guid(ff046eef2870fca47b90ecca689858b0) Importer(815301076,1909f56bfc062723c751e8b465ee728b)
Start importing Assets/SubGraph/UnityChanToonShaderVer2_Project-release-legacy-2.0/Manual/Images_jpg/1230-11_08.jpg using Guid(ff046eef2870fca47b90ecca689858b0) Importer(815301076,1909f56bfc062723c751e8b465ee728b)  -> (artifact id: 'a175bf16313045089ad49f5bffa2b35d') in 0.009234 seconds
Number of updated asset objects reloaded before import = 0
Number of asset objects unloaded after import = 2
========================================================================
Received Import Request.
  Time since last request: 0.000029 seconds.
  path: Assets/SubGraph/UnityChanToonShaderVer2_Project-release-legacy-2.0/ProjectSettings/NetworkManager.asset
  artifactKey: Guid(756830d33719da8428e9bae9559d5a46) Importer(815301076,1909f56bfc062723c751e8b465ee728b)
Start importing Assets/SubGraph/UnityChanToonShaderVer2_Project-release-legacy-2.0/ProjectSettings/NetworkManager.asset using Guid(756830d33719da8428e9bae9559d5a46) Importer(815301076,1909f56bfc062723c751e8b465ee728b)  -> (artifact id: 'c0e77b7f39ff90133a27c987d858fb77') in 0.000664 seconds
Number of updated asset objects reloaded before import = 0
Number of asset objects unloaded after import = 0
========================================================================
Received Import Request.
  Time since last request: 0.000010 seconds.
  path: Assets/SubGraph/UnityChanToonShaderVer2_Project-release-legacy-2.0/ProjectSettings/EditorSettings.asset
  artifactKey: Guid(38ec15a712c18a94391244c19dd9aa39) Importer(815301076,1909f56bfc062723c751e8b465ee728b)
Start importing Assets/SubGraph/UnityChanToonShaderVer2_Project-release-legacy-2.0/ProjectSettings/EditorSettings.asset using Guid(38ec15a712c18a94391244c19dd9aa39) Importer(815301076,1909f56bfc062723c751e8b465ee728b)  -> (artifact id: 'bf51b32998b2a4a5301ca19150a83e29') in 0.000794 seconds
Number of updated asset objects reloaded before import = 0
Number of asset objects unloaded after import = 0
========================================================================
Received Import Request.
  Time since last request: 0.000010 seconds.
  path: Assets/SubGraph/UnityChanToonShaderVer2_Project-release-legacy-2.0/Manual/Images_jpg/0713-06_01.jpg
  artifactKey: Guid(864ef1918678bd749894915ac85b652c) Importer(815301076,1909f56bfc062723c751e8b465ee728b)
Start importing Assets/SubGraph/UnityChanToonShaderVer2_Project-release-legacy-2.0/Manual/Images_jpg/0713-06_01.jpg using Guid(864ef1918678bd749894915ac85b652c) Importer(815301076,1909f56bfc062723c751e8b465ee728b)  -> (artifact id: 'bb6f2db96d9247ff3266148339640093') in 0.011224 seconds
Number of updated asset objects reloaded before import = 0
Number of asset objects unloaded after import = 2
========================================================================
Received Import Request.
  Time since last request: 0.000047 seconds.
  path: Assets/SubGraph/UnityChanToonShaderVer2_Project-release-legacy-2.0/ProjectSettings/PresetManager.asset
  artifactKey: Guid(fd2c557d75665d2449eabddedae4094f) Importer(815301076,1909f56bfc062723c751e8b465ee728b)
Start importing Assets/SubGraph/UnityChanToonShaderVer2_Project-release-legacy-2.0/ProjectSettings/PresetManager.asset using Guid(fd2c557d75665d2449eabddedae4094f) Importer(815301076,1909f56bfc062723c751e8b465ee728b)  -> (artifact id: '21fa0e8cd6bea56a49177f9f72eaea4c') in 0.001189 seconds
Number of updated asset objects reloaded before import = 0
Number of asset objects unloaded after import = 0
========================================================================
Received Import Request.
  Time since last request: 0.000022 seconds.
  path: Assets/SubGraph/UnityChanToonShaderVer2_Project-release-legacy-2.0/ProjectSettings/QualitySettings.asset
  artifactKey: Guid(7d3579518056ba2418ba2288df74b55b) Importer(815301076,1909f56bfc062723c751e8b465ee728b)
Start importing Assets/SubGraph/UnityChanToonShaderVer2_Project-release-legacy-2.0/ProjectSettings/QualitySettings.asset using Guid(7d3579518056ba2418ba2288df74b55b) Importer(815301076,1909f56bfc062723c751e8b465ee728b)  -> (artifact id: '8c0c17fd1f016ed8387e4a6edffb4cc1') in 0.001194 seconds
Number of updated asset objects reloaded before import = 0
Number of asset objects unloaded after import = 0
========================================================================
Received Import Request.
  Time since last request: 0.000018 seconds.
  path: Assets/SubGraph/UnityChanToonShaderVer2_Project-release-legacy-2.0/ProjectSettings/VFXManager.asset
  artifactKey: Guid(abfa7e28ff3e90b40bfb37e036d65942) Importer(815301076,1909f56bfc062723c751e8b465ee728b)
Start importing Assets/SubGraph/UnityChanToonShaderVer2_Project-release-legacy-2.0/ProjectSettings/VFXManager.asset using Guid(abfa7e28ff3e90b40bfb37e036d65942) Importer(815301076,1909f56bfc062723c751e8b465ee728b)  -> (artifact id: '62aa2693017d54ba1134d5cfe73df61f') in 0.001031 seconds
Number of updated asset objects reloaded before import = 0
Number of asset objects unloaded after import = 0
========================================================================
Received Import Request.
  Time since last request: 0.000017 seconds.
  path: Assets/SubGraph/UnityChanToonShaderVer2_Project-release-legacy-2.0/Manual/Images_jpg/0609-05_01.jpg
  artifactKey: Guid(a5300ffe54c4def4fb3c4a6907654cf5) Importer(815301076,1909f56bfc062723c751e8b465ee728b)
Start importing Assets/SubGraph/UnityChanToonShaderVer2_Project-release-legacy-2.0/Manual/Images_jpg/0609-05_01.jpg using Guid(a5300ffe54c4def4fb3c4a6907654cf5) Importer(815301076,1909f56bfc062723c751e8b465ee728b)  -> (artifact id: '5e01a0dd0c376b32187218359a63c0e9') in 0.015578 seconds
Number of updated asset objects reloaded before import = 0
Number of asset objects unloaded after import = 2
========================================================================
Received Import Request.
  Time since last request: 0.000018 seconds.
  path: Assets/SubGraph/UnityChanToonShaderVer2_Project-release-legacy-2.0/Manual/Images_jpg/CheekMaterialSetting.jpg
  artifactKey: Guid(23eeddaf2ec08a4499b3ca79eada0f6e) Importer(815301076,1909f56bfc062723c751e8b465ee728b)
Start importing Assets/SubGraph/UnityChanToonShaderVer2_Project-release-legacy-2.0/Manual/Images_jpg/CheekMaterialSetting.jpg using Guid(23eeddaf2ec08a4499b3ca79eada0f6e) Importer(815301076,1909f56bfc062723c751e8b465ee728b)  -> (artifact id: 'ac7576ca193c186fda7d3d0912d16896') in 0.021035 seconds
Number of updated asset objects reloaded before import = 0
Number of asset objects unloaded after import = 2
========================================================================
Received Import Request.
  Time since last request: 0.000104 seconds.
  path: Assets/SubGraph/UnityChanToonShaderVer2_Project-release-legacy-2.0/Manual/Images_jpg/0609-04_11.jpg
  artifactKey: Guid(171b2ecc048611243b85140968713a5d) Importer(815301076,1909f56bfc062723c751e8b465ee728b)
Start importing Assets/SubGraph/UnityChanToonShaderVer2_Project-release-legacy-2.0/Manual/Images_jpg/0609-04_11.jpg using Guid(171b2ecc048611243b85140968713a5d) Importer(815301076,1909f56bfc062723c751e8b465ee728b)  -> (artifact id: 'f1150752ab9f4dc04f13876e0f367e9b') in 0.011845 seconds
Number of updated asset objects reloaded before import = 0
Number of asset objects unloaded after import = 2
========================================================================
Received Import Request.
  Time since last request: 0.000019 seconds.
  path: Assets/SubGraph/UnityChanToonShaderVer2_Project-release-legacy-2.0/Manual/Images_jpg/0105-22_02.jpg
  artifactKey: Guid(8316e8ee6ceaa7940b2498c80aeb52d0) Importer(815301076,1909f56bfc062723c751e8b465ee728b)
Start importing Assets/SubGraph/UnityChanToonShaderVer2_Project-release-legacy-2.0/Manual/Images_jpg/0105-22_02.jpg using Guid(8316e8ee6ceaa7940b2498c80aeb52d0) Importer(815301076,1909f56bfc062723c751e8b465ee728b)  -> (artifact id: 'be158f6c2a3a3cd865820949274e06c7') in 0.016346 seconds
Number of updated asset objects reloaded before import = 0
Number of asset objects unloaded after import = 2
========================================================================
Received Import Request.
  Time since last request: 0.000014 seconds.
  path: Assets/SubGraph/UnityChanToonShaderVer2_Project-release-legacy-2.0/Manual/Images_jpg/AR_Image.jpg
  artifactKey: Guid(9fa9a99f54a0a264cb85e9791b8e46be) Importer(815301076,1909f56bfc062723c751e8b465ee728b)
Start importing Assets/SubGraph/UnityChanToonShaderVer2_Project-release-legacy-2.0/Manual/Images_jpg/AR_Image.jpg using Guid(9fa9a99f54a0a264cb85e9791b8e46be) Importer(815301076,1909f56bfc062723c751e8b465ee728b)  -> (artifact id: 'de46cf258730083d2c563e731881bac8') in 0.012483 seconds
Number of updated asset objects reloaded before import = 0
Number of asset objects unloaded after import = 2
========================================================================
Received Import Request.
  Time since last request: 0.000021 seconds.
  path: Assets/SubGraph/UnityChanToonShaderVer2_Project-release-legacy-2.0/ProjectSettings/EditorBuildSettings.asset
  artifactKey: Guid(c032aea3edeffa04eb50d1d4fcea8831) Importer(815301076,1909f56bfc062723c751e8b465ee728b)
Start importing Assets/SubGraph/UnityChanToonShaderVer2_Project-release-legacy-2.0/ProjectSettings/EditorBuildSettings.asset using Guid(c032aea3edeffa04eb50d1d4fcea8831) Importer(815301076,1909f56bfc062723c751e8b465ee728b)  -> (artifact id: 'f0a7e7e1235ddc4195aefd91d017f7c6') in 0.001476 seconds
Number of updated asset objects reloaded before import = 0
Number of asset objects unloaded after import = 0
========================================================================
Received Import Request.
  Time since last request: 0.000023 seconds.
  path: Assets/SubGraph/UnityChanToonShaderVer2_Project-release-legacy-2.0/ProjectSettings/ClusterInputManager.asset
  artifactKey: Guid(63cae458602f9074b882bf659de5d082) Importer(815301076,1909f56bfc062723c751e8b465ee728b)
Start importing Assets/SubGraph/UnityChanToonShaderVer2_Project-release-legacy-2.0/ProjectSettings/ClusterInputManager.asset using Guid(63cae458602f9074b882bf659de5d082) Importer(815301076,1909f56bfc062723c751e8b465ee728b)  -> (artifact id: 'cec224dd6f99d01e901834832fa8857c') in 0.001079 seconds
Number of updated asset objects reloaded before import = 0
Number of asset objects unloaded after import = 0
========================================================================
Received Import Request.
  Time since last request: 0.000015 seconds.
  path: Assets/SubGraph/UnityChanToonShaderVer2_Project-release-legacy-2.0/ProjectSettings/ProjectSettings.asset
  artifactKey: Guid(f9d2ee757c5ec5f4eb03e7917bf458d5) Importer(815301076,1909f56bfc062723c751e8b465ee728b)
Start importing Assets/SubGraph/UnityChanToonShaderVer2_Project-release-legacy-2.0/ProjectSettings/ProjectSettings.asset using Guid(f9d2ee757c5ec5f4eb03e7917bf458d5) Importer(815301076,1909f56bfc062723c751e8b465ee728b)  -> (artifact id: '3d85fcf43b6f5a1ca99cbe6c9f67e2f3') in 0.001067 seconds
Number of updated asset objects reloaded before import = 0
Number of asset objects unloaded after import = 0
========================================================================
Received Import Request.
  Time since last request: 0.000077 seconds.
  path: Assets/SubGraph/UnityChanToonShaderVer2_Project-release-legacy-2.0/Manual/Images_jpg/0609-04_12.jpg
  artifactKey: Guid(1373e4f38c5930d41993ea9f825e6d30) Importer(815301076,1909f56bfc062723c751e8b465ee728b)
Start importing Assets/SubGraph/UnityChanToonShaderVer2_Project-release-legacy-2.0/Manual/Images_jpg/0609-04_12.jpg using Guid(1373e4f38c5930d41993ea9f825e6d30) Importer(815301076,1909f56bfc062723c751e8b465ee728b)  -> (artifact id: 'c905bb6b4715f64896bcfab43b0726c7') in 0.013565 seconds
Number of updated asset objects reloaded before import = 0
Number of asset objects unloaded after import = 2
========================================================================
Received Import Request.
  Time since last request: 0.000022 seconds.
  path: Assets/SubGraph/UnityChanToonShaderVer2_Project-release-legacy-2.0/Manual/Images_jpg/0801-12_05.jpg
  artifactKey: Guid(e7af2c0b9b4b8014ab2353ea8f50f70e) Importer(815301076,1909f56bfc062723c751e8b465ee728b)
Start importing Assets/SubGraph/UnityChanToonShaderVer2_Project-release-legacy-2.0/Manual/Images_jpg/0801-12_05.jpg using Guid(e7af2c0b9b4b8014ab2353ea8f50f70e) Importer(815301076,1909f56bfc062723c751e8b465ee728b)  -> (artifact id: 'c6073f8286893de695b0880c593ba387') in 0.015167 seconds
Number of updated asset objects reloaded before import = 0
Number of asset objects unloaded after import = 2
========================================================================
Received Import Request.
  Time since last request: 0.000018 seconds.
  path: Assets/SubGraph/UnityChanToonShaderVer2_Project-release-legacy-2.0/ProjectSettings/GraphicsSettings.asset
  artifactKey: Guid(9bd026b3399c38d41ad57380756f8a8d) Importer(815301076,1909f56bfc062723c751e8b465ee728b)
Start importing Assets/SubGraph/UnityChanToonShaderVer2_Project-release-legacy-2.0/ProjectSettings/GraphicsSettings.asset using Guid(9bd026b3399c38d41ad57380756f8a8d) Importer(815301076,1909f56bfc062723c751e8b465ee728b)  -> (artifact id: '9e7b55e8565717a68d55e20a75088d40') in 0.001139 seconds
Number of updated asset objects reloaded before import = 0
Number of asset objects unloaded after import = 0
========================================================================
Received Import Request.
  Time since last request: 0.000016 seconds.
  path: Assets/SubGraph/UnityChanToonShaderVer2_Project-release-legacy-2.0/Manual/Images_jpg/0105-22_04.jpg
  artifactKey: Guid(4a444df1193ee4a40bc1bb1293da5f9b) Importer(815301076,1909f56bfc062723c751e8b465ee728b)
Start importing Assets/SubGraph/UnityChanToonShaderVer2_Project-release-legacy-2.0/Manual/Images_jpg/0105-22_04.jpg using Guid(4a444df1193ee4a40bc1bb1293da5f9b) Importer(815301076,1909f56bfc062723c751e8b465ee728b)  -> (artifact id: '74a8951336c1303cb3c0b61c0cff26ed') in 0.013730 seconds
Number of updated asset objects reloaded before import = 0
Number of asset objects unloaded after import = 2
========================================================================
Received Import Request.
  Time since last request: 0.000022 seconds.
  path: Assets/SubGraph/UnityChanToonShaderVer2_Project-release-legacy-2.0/ProjectSettings/XRSettings.asset
  artifactKey: Guid(dfcc89f21d482084fb820c5e2fc702e3) Importer(815301076,1909f56bfc062723c751e8b465ee728b)
Start importing Assets/SubGraph/UnityChanToonShaderVer2_Project-release-legacy-2.0/ProjectSettings/XRSettings.asset using Guid(dfcc89f21d482084fb820c5e2fc702e3) Importer(815301076,1909f56bfc062723c751e8b465ee728b) Failed to load 'C:/Users/ljy10/RenduDevoirUnity/Assets/SubGraph/UnityChanToonShaderVer2_Project-release-legacy-2.0/ProjectSettings/XRSettings.asset'. File may be corrupted or was serialized with a newer version of Unity.
 -> (artifact id: '4dae112c08bc9b63ec82b8886f0bc157') in 0.001261 seconds
Number of updated asset objects reloaded before import = 0
Number of asset objects unloaded after import = 0
========================================================================
Received Import Request.
  Time since last request: 0.000048 seconds.
  path: Assets/SubGraph/UnityChanToonShaderVer2_Project-release-legacy-2.0/ProjectSettings/PackageManagerSettings.asset
  artifactKey: Guid(bb8da732d11b25c44914923c021264bc) Importer(815301076,1909f56bfc062723c751e8b465ee728b)
Start importing Assets/SubGraph/UnityChanToonShaderVer2_Project-release-legacy-2.0/ProjectSettings/PackageManagerSettings.asset using Guid(bb8da732d11b25c44914923c021264bc) Importer(815301076,1909f56bfc062723c751e8b465ee728b)  -> (artifact id: '2be832779449a9285a9e4f9911eff287') in 0.001274 seconds
Number of updated asset objects reloaded before import = 0
Number of asset objects unloaded after import = 0
========================================================================
Received Import Request.
  Time since last request: 0.000017 seconds.
  path: Assets/SubGraph/UnityChanToonShaderVer2_Project-release-legacy-2.0/Manual/Images_jpg/0201-11_05.jpg
  artifactKey: Guid(167ba25f3f53d6046b472df7ff41d57e) Importer(815301076,1909f56bfc062723c751e8b465ee728b)
Start importing Assets/SubGraph/UnityChanToonShaderVer2_Project-release-legacy-2.0/Manual/Images_jpg/0201-11_05.jpg using Guid(167ba25f3f53d6046b472df7ff41d57e) Importer(815301076,1909f56bfc062723c751e8b465ee728b)  -> (artifact id: 'ca349730b0f7e84dc2a32e89631dcddc') in 0.013422 seconds
Number of updated asset objects reloaded before import = 0
Number of asset objects unloaded after import = 2
========================================================================
Received Import Request.
  Time since last request: 0.000073 seconds.
  path: Assets/SubGraph/UnityChanToonShaderVer2_Project-release-legacy-2.0/Manual/Images_jpg/0609-04_02.jpg
  artifactKey: Guid(6fd5992ac9fa6ef4f87f641de2948f27) Importer(815301076,1909f56bfc062723c751e8b465ee728b)
Start importing Assets/SubGraph/UnityChanToonShaderVer2_Project-release-legacy-2.0/Manual/Images_jpg/0609-04_02.jpg using Guid(6fd5992ac9fa6ef4f87f641de2948f27) Importer(815301076,1909f56bfc062723c751e8b465ee728b)  -> (artifact id: '56e59532fd74fd3690730d3c3421d727') in 0.012825 seconds
Number of updated asset objects reloaded before import = 0
Number of asset objects unloaded after import = 2
========================================================================
Received Import Request.
  Time since last request: 0.000017 seconds.
  path: Assets/SubGraph/UnityChanToonShaderVer2_Project-release-legacy-2.0/Manual/Images_jpg/1230-11_10.jpg
  artifactKey: Guid(2134f2ed64f52634da0877300a591fa5) Importer(815301076,1909f56bfc062723c751e8b465ee728b)
Start importing Assets/SubGraph/UnityChanToonShaderVer2_Project-release-legacy-2.0/Manual/Images_jpg/1230-11_10.jpg using Guid(2134f2ed64f52634da0877300a591fa5) Importer(815301076,1909f56bfc062723c751e8b465ee728b)  -> (artifact id: 'd174687453761f6b528ac2c9d7f549e3') in 0.016400 seconds
Number of updated asset objects reloaded before import = 0
Number of asset objects unloaded after import = 2
========================================================================
Received Import Request.
  Time since last request: 0.000016 seconds.
  path: Assets/SubGraph/UnityChanToonShaderVer2_Project-release-legacy-2.0/Manual/Images_jpg/1230-11_11.jpg
  artifactKey: Guid(c285406cdd8817e4e8c60fdb6e007360) Importer(815301076,1909f56bfc062723c751e8b465ee728b)
Start importing Assets/SubGraph/UnityChanToonShaderVer2_Project-release-legacy-2.0/Manual/Images_jpg/1230-11_11.jpg using Guid(c285406cdd8817e4e8c60fdb6e007360) Importer(815301076,1909f56bfc062723c751e8b465ee728b)  -> (artifact id: 'fa12aa5096e739044abfb1917512ffb7') in 0.011493 seconds
Number of updated asset objects reloaded before import = 0
Number of asset objects unloaded after import = 2
========================================================================
Received Import Request.
  Time since last request: 0.000015 seconds.
  path: Assets/SubGraph/UnityChanToonShaderVer2_Project-release-legacy-2.0/Manual/Images_jpg/0105-22_05.jpg
  artifactKey: Guid(75b14aa7186195f4c9435e9501bf2885) Importer(815301076,1909f56bfc062723c751e8b465ee728b)
Start importing Assets/SubGraph/UnityChanToonShaderVer2_Project-release-legacy-2.0/Manual/Images_jpg/0105-22_05.jpg using Guid(75b14aa7186195f4c9435e9501bf2885) Importer(815301076,1909f56bfc062723c751e8b465ee728b)  -> (artifact id: 'f74a46991fb007375874d6dd63fd9c9d') in 0.009246 seconds
Number of updated asset objects reloaded before import = 0
Number of asset objects unloaded after import = 2
========================================================================
Received Import Request.
  Time since last request: 13.619306 seconds.
  path: Assets/SubGraph/UnityChanToonShaderVer2_Project-release-legacy-2.0/Assets/Toon/Materials/CellTouch_ToonShader_Fhair_StencilOut.mat
  artifactKey: Guid(59664b0418fdcdb438a55ee220cea66b) Importer(815301076,1909f56bfc062723c751e8b465ee728b)
Start importing Assets/SubGraph/UnityChanToonShaderVer2_Project-release-legacy-2.0/Assets/Toon/Materials/CellTouch_ToonShader_Fhair_StencilOut.mat using Guid(59664b0418fdcdb438a55ee220cea66b) Importer(815301076,1909f56bfc062723c751e8b465ee728b)  -> (artifact id: 'b6d40108a89372f3ce518bfab1bd9990') in 0.027469 seconds
Number of updated asset objects reloaded before import = 0
Number of asset objects unloaded after import = 7
========================================================================
Received Import Request.
  Time since last request: 0.000014 seconds.
  path: Assets/SubGraph/UnityChanToonShaderVer2_Project-release-legacy-2.0/Assets/Toon/Materials/CellTouch_ToonShader_Main.mat
  artifactKey: Guid(68160b194fb0bb446ba96f615b017e89) Importer(815301076,1909f56bfc062723c751e8b465ee728b)
Start importing Assets/SubGraph/UnityChanToonShaderVer2_Project-release-legacy-2.0/Assets/Toon/Materials/CellTouch_ToonShader_Main.mat using Guid(68160b194fb0bb446ba96f615b017e89) Importer(815301076,1909f56bfc062723c751e8b465ee728b)  -> (artifact id: 'a3489b3cde9eefc9108c1c3af2080ac8') in 0.013924 seconds
Number of updated asset objects reloaded before import = 0
Number of asset objects unloaded after import = 4
========================================================================
Received Import Request.
  Time since last request: 0.000012 seconds.
  path: Assets/SubGraph/UnityChanToonShaderVer2_Project-release-legacy-2.0/Assets/Toon/Materials/ToonShader_Eye_Clipping_StencilMask_Firefly.mat
  artifactKey: Guid(b01f256aab94766478c67cff3fc328f5) Importer(815301076,1909f56bfc062723c751e8b465ee728b)
Start importing Assets/SubGraph/UnityChanToonShaderVer2_Project-release-legacy-2.0/Assets/Toon/Materials/ToonShader_Eye_Clipping_StencilMask_Firefly.mat using Guid(b01f256aab94766478c67cff3fc328f5) Importer(815301076,1909f56bfc062723c751e8b465ee728b)  -> (artifact id: 'bfb62ea51f34285bc19398784b362322') in 0.017412 seconds
Number of updated asset objects reloaded before import = 0
Number of asset objects unloaded after import = 4
========================================================================
Received Import Request.
  Time since last request: 0.000023 seconds.
  path: Assets/SubGraph/UnityChanToonShaderVer2_Project-release-legacy-2.0/Assets/Toon/Materials/ToonShader_Main_ABN.mat
  artifactKey: Guid(f8869e01e545a844ca4721ba6df70f76) Importer(815301076,1909f56bfc062723c751e8b465ee728b)
Start importing Assets/SubGraph/UnityChanToonShaderVer2_Project-release-legacy-2.0/Assets/Toon/Materials/ToonShader_Main_ABN.mat using Guid(f8869e01e545a844ca4721ba6df70f76) Importer(815301076,1909f56bfc062723c751e8b465ee728b)  -> (artifact id: '4b860dda4373a2441d2f5d64d1a1819f') in 0.013115 seconds
Number of updated asset objects reloaded before import = 0
Number of asset objects unloaded after import = 5
========================================================================
Received Import Request.
  Time since last request: 0.000022 seconds.
  path: Assets/SubGraph/UnityChanToonShaderVer2_Project-release-legacy-2.0/Assets/Toon/Materials/ToonShader_Eye_Clipping_StencilMask.mat
  artifactKey: Guid(696a8f70a1249e149b905201941ebaf7) Importer(815301076,1909f56bfc062723c751e8b465ee728b)
Start importing Assets/SubGraph/UnityChanToonShaderVer2_Project-release-legacy-2.0/Assets/Toon/Materials/ToonShader_Eye_Clipping_StencilMask.mat using Guid(696a8f70a1249e149b905201941ebaf7) Importer(815301076,1909f56bfc062723c751e8b465ee728b)  -> (artifact id: 'ddcf867717a3a5eba2e75e8b450d808f') in 0.031484 seconds
Number of updated asset objects reloaded before import = 0
Number of asset objects unloaded after import = 5
========================================================================
Received Import Request.
  Time since last request: 0.000016 seconds.
  path: Assets/SubGraph/UnityChanToonShaderVer2_Project-release-legacy-2.0/Assets/Toon/Materials/ToonShader_Head_Clipping.mat
  artifactKey: Guid(e0bcb7711e193a14cbf50e0e4669856f) Importer(815301076,1909f56bfc062723c751e8b465ee728b)
Start importing Assets/SubGraph/UnityChanToonShaderVer2_Project-release-legacy-2.0/Assets/Toon/Materials/ToonShader_Head_Clipping.mat using Guid(e0bcb7711e193a14cbf50e0e4669856f) Importer(815301076,1909f56bfc062723c751e8b465ee728b)  -> (artifact id: 'db2f1220c9d4bb99df6484b4833ea69f') in 0.038360 seconds
Number of updated asset objects reloaded before import = 0
Number of asset objects unloaded after import = 5
========================================================================
Received Import Request.
  Time since last request: 0.000012 seconds.
  path: Assets/SubGraph/UnityChanToonShaderVer2_Project-release-legacy-2.0/Assets/Toon/Materials/ToonShader_Hair_Clipping_ABN.mat
  artifactKey: Guid(c5644239d3a902d4b83f9838fb39f129) Importer(815301076,1909f56bfc062723c751e8b465ee728b)
Start importing Assets/SubGraph/UnityChanToonShaderVer2_Project-release-legacy-2.0/Assets/Toon/Materials/ToonShader_Hair_Clipping_ABN.mat using Guid(c5644239d3a902d4b83f9838fb39f129) Importer(815301076,1909f56bfc062723c751e8b465ee728b)  -> (artifact id: '6724b86ca532f11862d8302a18a74572') in 0.021077 seconds
Number of updated asset objects reloaded before import = 0
Number of asset objects unloaded after import = 8
========================================================================
Received Import Request.
  Time since last request: 0.000011 seconds.
  path: Assets/SubGraph/UnityChanToonShaderVer2_Project-release-legacy-2.0/Assets/Toon/Materials/CellTouch_ToonShader_Hair_Clipping_Firefly.mat
  artifactKey: Guid(b5bb3540a48b4ec4da760020f24c9be0) Importer(815301076,1909f56bfc062723c751e8b465ee728b)
Start importing Assets/SubGraph/UnityChanToonShaderVer2_Project-release-legacy-2.0/Assets/Toon/Materials/CellTouch_ToonShader_Hair_Clipping_Firefly.mat using Guid(b5bb3540a48b4ec4da760020f24c9be0) Importer(815301076,1909f56bfc062723c751e8b465ee728b)  -> (artifact id: '86241eade8063151ad5cbbbd2c11ad76') in 0.012257 seconds
Number of updated asset objects reloaded before import = 0
Number of asset objects unloaded after import = 5
========================================================================
Received Import Request.
  Time since last request: 0.000013 seconds.
  path: Assets/SubGraph/UnityChanToonShaderVer2_Project-release-legacy-2.0/Assets/Toon/Materials/ToonShader_Fhair_StencilOut_ABN.mat
  artifactKey: Guid(22531ee1212458a47bc33a9d466abd60) Importer(815301076,1909f56bfc062723c751e8b465ee728b)
Start importing Assets/SubGraph/UnityChanToonShaderVer2_Project-release-legacy-2.0/Assets/Toon/Materials/ToonShader_Fhair_StencilOut_ABN.mat using Guid(22531ee1212458a47bc33a9d466abd60) Importer(815301076,1909f56bfc062723c751e8b465ee728b)  -> (artifact id: '2cd951a6ed1e89760924e361f91c8a66') in 0.011520 seconds
Number of updated asset objects reloaded before import = 0
Number of asset objects unloaded after import = 7
========================================================================
Received Import Request.
  Time since last request: 5.621357 seconds.
  path: Assets/SubGraph/UnityChanToonShaderVer2_Project-release-legacy-2.0/Assets/UnityChan/SD_unitychan/NightSky.mat
  artifactKey: Guid(1a9ff425f82edeb45bc0c582202fad30) Importer(815301076,1909f56bfc062723c751e8b465ee728b)
Start importing Assets/SubGraph/UnityChanToonShaderVer2_Project-release-legacy-2.0/Assets/UnityChan/SD_unitychan/NightSky.mat using Guid(1a9ff425f82edeb45bc0c582202fad30) Importer(815301076,1909f56bfc062723c751e8b465ee728b)  -> (artifact id: 'ce0fff5f698c50e2606e6aab88d12a34') in 0.072112 seconds
Number of updated asset objects reloaded before import = 0
Number of asset objects unloaded after import = 1
========================================================================
Received Import Request.
  Time since last request: 1.677413 seconds.
  path: Assets/SubGraph/UnityChanToonShaderVer2_Project-release-legacy-2.0/Assets/UnityChan/SD_unitychan/Prefabs/ToonShader_SD_unitychan_humanoid_Emissive.prefab
  artifactKey: Guid(8c7fbd21045e76e42bf4bf341643917b) Importer(815301076,1909f56bfc062723c751e8b465ee728b)
Start importing Assets/SubGraph/UnityChanToonShaderVer2_Project-release-legacy-2.0/Assets/UnityChan/SD_unitychan/Prefabs/ToonShader_SD_unitychan_humanoid_Emissive.prefab using Guid(8c7fbd21045e76e42bf4bf341643917b) Importer(815301076,1909f56bfc062723c751e8b465ee728b)  -> (artifact id: '5774c847208941522eea9d0055499326') in 0.133780 seconds
Internal: There are remaining Allocations on the JobTempAlloc. This is a leak, and will impact performance
To Debug, run app with -diag-job-temp-memory-leak-validation cmd line argument. This will output the callstacks of the leaked allocations.
Number of updated asset objects reloaded before import = 0
Number of asset objects unloaded after import = 446
========================================================================
Received Prepare
Begin MonoManager ReloadAssembly
Symbol file LoadedFromMemory doesn't match image C:\Users\ljy10\RenduDevoirUnity\Library\PackageCache\com.unity.visualscripting@1.8.0\Editor\VisualScripting.Core\Dependencies\YamlDotNet\Unity.VisualScripting.YamlDotNet.dll
Symbol file LoadedFromMemory doesn't match image C:\Users\ljy10\RenduDevoirUnity\Library\PackageCache\com.unity.visualscripting@1.8.0\Editor\VisualScripting.Core\Dependencies\DotNetZip\Unity.VisualScripting.IonicZip.dll
- Loaded All Assemblies, in  0.638 seconds
Refreshing native plugins compatible for Editor in 4.57 ms, found 3 plugins.
Native extension for WindowsStandalone target not found
[Package Manager] Server::EnsureServerProcessIsRunning -- launch failed, reason: Unity was launched with the -noUpm command-line argument
[Package Manager] UpmClient::Send -- Unable to send message (not connected to UPM process).
[Package Manager] Cannot connect to Unity Package Manager local server
Mono: successfully reloaded assembly
- Finished resetting the current domain, in  1.031 seconds
Domain Reload Profiling: 1663ms
	BeginReloadAssembly (129ms)
		ExecutionOrderSort (0ms)
		DisableScriptedObjects (2ms)
		BackupInstance (0ms)
		ReleaseScriptingObjects (0ms)
		CreateAndSetChildDomain (34ms)
	RebuildCommonClasses (28ms)
	RebuildNativeTypeToScriptingClass (9ms)
	initialDomainReloadingComplete (32ms)
	LoadAllAssembliesAndSetupDomain (434ms)
		LoadAssemblies (225ms)
		RebuildTransferFunctionScriptingTraits (0ms)
		AnalyzeDomain (253ms)
			TypeCache.Refresh (248ms)
				TypeCache.ScanAssembly (239ms)
			ScanForSourceGeneratedMonoScriptInfo (2ms)
			ResolveRequiredComponents (3ms)
	FinalizeReload (1032ms)
		ReleaseScriptCaches (0ms)
		RebuildScriptCaches (0ms)
		SetupLoadedEditorAssemblies (336ms)
			LogAssemblyErrors (0ms)
			InitializePlatformSupportModulesInManaged (4ms)
			SetLoadedEditorAssemblies (2ms)
			RefreshPlugins (0ms)
			BeforeProcessingInitializeOnLoad (54ms)
			ProcessInitializeOnLoadAttributes (223ms)
			ProcessInitializeOnLoadMethodAttributes (43ms)
			AfterProcessingInitializeOnLoad (9ms)
			EditorAssembliesLoaded (0ms)
		ExecutionOrderSort2 (0ms)
		AwakeInstancesAfterBackupRestoration (5ms)
Refreshing native plugins compatible for Editor in 3.11 ms, found 3 plugins.
Preloading 0 native plugins for Editor in 0.00 ms.
Unloading 4134 Unused Serialized files (Serialized files now loaded: 0)
Unloading 94 unused Assets / (350.0 KB). Loaded Objects now: 4707.
Memory consumption went from 148.8 MB to 148.5 MB.
Total: 3.670300 ms (FindLiveObjects: 0.275900 ms CreateObjectMapping: 0.228500 ms MarkObjects: 2.971900 ms  DeleteObjects: 0.192300 ms)

Prepare: number of updated asset objects reloaded= 0
AssetImportParameters requested are different than current active one (requested -> active):
  custom:container-demuxer-ogg: 62fdf1f143b41e24485cea50d1cbac27 -> 
  custom:video-codec-MediaFoundation-h265: 746d11721c4dcdbdad8f713fa42b33f4 -> 
  custom:video-decoder-ogg-theora: a1e56fd34408186e4bbccfd4996cb3dc -> 
  custom:framework-win-MediaFoundation: 216162199b28c13a410421893ffa2e32 -> 
  custom:CustomObjectIndexerAttribute: 756ad292c208cfabdd7b50bc23989ffe -> 
  custom:container-demuxer-webm: 4f35f7cbe854078d1ac9338744f61a02 -> 
  custom:container-muxer-webm: aa71ff27fc2769a1b78a27578f13a17b -> 
  custom:video-decoder-webm-vp8: 9c59270c3fd7afecdb556c50c9e8de78 -> 
  custom:SearchIndexIgnoredProperties: e643bd26f0fe6173181afceb89e7c659 -> 
  custom:AudioImporter_EditorPlatform: d09bf68614088b80899f8185d706f6e7 -> 
  custom:video-encoder-webm-vp8: eb34c28f22e8b96e1ab97ce403110664 -> 
  custom:audio-decoder-ogg-vorbis: bf7c407c2cedff20999df2af8eb42d56 -> 
  custom:audio-encoder-webm-vorbis: bf7c407c2cedff20999df2af8eb42d56 -> 
========================================================================
Received Prepare
Begin MonoManager ReloadAssembly
Symbol file LoadedFromMemory doesn't match image C:\Users\ljy10\RenduDevoirUnity\Library\PackageCache\com.unity.visualscripting@1.8.0\Editor\VisualScripting.Core\Dependencies\YamlDotNet\Unity.VisualScripting.YamlDotNet.dll
Symbol file LoadedFromMemory doesn't match image C:\Users\ljy10\RenduDevoirUnity\Library\PackageCache\com.unity.visualscripting@1.8.0\Editor\VisualScripting.Core\Dependencies\DotNetZip\Unity.VisualScripting.IonicZip.dll
- Loaded All Assemblies, in  0.550 seconds
Refreshing native plugins compatible for Editor in 2.74 ms, found 3 plugins.
Native extension for WindowsStandalone target not found
[Package Manager] Server::EnsureServerProcessIsRunning -- launch failed, reason: Unity was launched with the -noUpm command-line argument
[Package Manager] UpmClient::Send -- Unable to send message (not connected to UPM process).
[Package Manager] Cannot connect to Unity Package Manager local server
Mono: successfully reloaded assembly
- Finished resetting the current domain, in  0.902 seconds
Domain Reload Profiling: 1448ms
	BeginReloadAssembly (111ms)
		ExecutionOrderSort (0ms)
		DisableScriptedObjects (3ms)
		BackupInstance (0ms)
		ReleaseScriptingObjects (0ms)
		CreateAndSetChildDomain (29ms)
	RebuildCommonClasses (28ms)
	RebuildNativeTypeToScriptingClass (8ms)
	initialDomainReloadingComplete (25ms)
	LoadAllAssembliesAndSetupDomain (374ms)
		LoadAssemblies (202ms)
		RebuildTransferFunctionScriptingTraits (0ms)
		AnalyzeDomain (214ms)
			TypeCache.Refresh (208ms)
				TypeCache.ScanAssembly (200ms)
			ScanForSourceGeneratedMonoScriptInfo (3ms)
			ResolveRequiredComponents (3ms)
	FinalizeReload (903ms)
		ReleaseScriptCaches (0ms)
		RebuildScriptCaches (0ms)
		SetupLoadedEditorAssemblies (305ms)
			LogAssemblyErrors (0ms)
			InitializePlatformSupportModulesInManaged (4ms)
			SetLoadedEditorAssemblies (2ms)
			RefreshPlugins (0ms)
			BeforeProcessingInitializeOnLoad (51ms)
			ProcessInitializeOnLoadAttributes (192ms)
			ProcessInitializeOnLoadMethodAttributes (49ms)
			AfterProcessingInitializeOnLoad (7ms)
			EditorAssembliesLoaded (0ms)
		ExecutionOrderSort2 (0ms)
		AwakeInstancesAfterBackupRestoration (4ms)
Refreshing native plugins compatible for Editor in 3.60 ms, found 3 plugins.
Preloading 0 native plugins for Editor in 0.00 ms.
Unloading 4376 Unused Serialized files (Serialized files now loaded: 0)
Unloading 167 unused Assets / (23.8 MB). Loaded Objects now: 4774.
Memory consumption went from 207.1 MB to 183.3 MB.
Total: 11.314900 ms (FindLiveObjects: 0.222100 ms CreateObjectMapping: 0.110600 ms MarkObjects: 2.305100 ms  DeleteObjects: 8.675500 ms)

Prepare: number of updated asset objects reloaded= 40
AssetImportParameters requested are different than current active one (requested -> active):
  custom:container-demuxer-ogg: 62fdf1f143b41e24485cea50d1cbac27 -> 
  custom:video-codec-MediaFoundation-h265: 746d11721c4dcdbdad8f713fa42b33f4 -> 
  custom:video-decoder-ogg-theora: a1e56fd34408186e4bbccfd4996cb3dc -> 
  custom:framework-win-MediaFoundation: 216162199b28c13a410421893ffa2e32 -> 
  custom:CustomObjectIndexerAttribute: 756ad292c208cfabdd7b50bc23989ffe -> 
  custom:container-demuxer-webm: 4f35f7cbe854078d1ac9338744f61a02 -> 
  custom:container-muxer-webm: aa71ff27fc2769a1b78a27578f13a17b -> 
  custom:video-decoder-webm-vp8: 9c59270c3fd7afecdb556c50c9e8de78 -> 
  custom:SearchIndexIgnoredProperties: e643bd26f0fe6173181afceb89e7c659 -> 
  custom:AudioImporter_EditorPlatform: d09bf68614088b80899f8185d706f6e7 -> 
  custom:video-encoder-webm-vp8: eb34c28f22e8b96e1ab97ce403110664 -> 
  custom:audio-decoder-ogg-vorbis: bf7c407c2cedff20999df2af8eb42d56 -> 
  custom:audio-encoder-webm-vorbis: bf7c407c2cedff20999df2af8eb42d56 -> 
========================================================================
Received Import Request.
  Time since last request: 197.567115 seconds.
  path: Assets/SubGraph/UnityChanToonShaderVer2_Project-release-legacy-2.0/Manual/Images_jpg/ProjectWindow01.jpg
  artifactKey: Guid(dd3f2d2c7da5e844b803cc20b163cf17) Importer(815301076,1909f56bfc062723c751e8b465ee728b)
Start importing Assets/SubGraph/UnityChanToonShaderVer2_Project-release-legacy-2.0/Manual/Images_jpg/ProjectWindow01.jpg using Guid(dd3f2d2c7da5e844b803cc20b163cf17) Importer(815301076,1909f56bfc062723c751e8b465ee728b)  -> (artifact id: 'ecc151ba936086ac2cc99fc2614ddf32') in 0.035207 seconds
Number of updated asset objects reloaded before import = 0
Number of asset objects unloaded after import = 2
========================================================================
Received Import Request.
  Time since last request: 0.585781 seconds.
  path: Assets/SubGraph/UnityChanToonShaderVer2_Project-release-legacy-2.0/Manual/Images_jpg/Property_UTS2_02.jpg
  artifactKey: Guid(e029cc464978fcc48b5633259e45c869) Importer(815301076,1909f56bfc062723c751e8b465ee728b)
Start importing Assets/SubGraph/UnityChanToonShaderVer2_Project-release-legacy-2.0/Manual/Images_jpg/Property_UTS2_02.jpg using Guid(e029cc464978fcc48b5633259e45c869) Importer(815301076,1909f56bfc062723c751e8b465ee728b)  -> (artifact id: '08fde24d36fc75faeb9373408860505c') in 0.011256 seconds
Number of updated asset objects reloaded before import = 0
Number of asset objects unloaded after import = 2
========================================================================
Received Import Request.
  Time since last request: 0.021458 seconds.
  path: Assets/SubGraph/UnityChanToonShaderVer2_Project-release-legacy-2.0/Manual/Images_jpg/Property_UTS2_04_1.jpg
  artifactKey: Guid(8b55c4e460eb63a49a2066cb515d0570) Importer(815301076,1909f56bfc062723c751e8b465ee728b)
Start importing Assets/SubGraph/UnityChanToonShaderVer2_Project-release-legacy-2.0/Manual/Images_jpg/Property_UTS2_04_1.jpg using Guid(8b55c4e460eb63a49a2066cb515d0570) Importer(815301076,1909f56bfc062723c751e8b465ee728b)  -> (artifact id: 'f23882a6918b217bb24928274955473b') in 0.008609 seconds
Number of updated asset objects reloaded before import = 0
Number of asset objects unloaded after import = 2
========================================================================
Received Import Request.
  Time since last request: 0.025874 seconds.
  path: Assets/SubGraph/UnityChanToonShaderVer2_Project-release-legacy-2.0/Manual/Images_jpg/Property_UTS2_05.jpg
  artifactKey: Guid(cf6d83c2b7c28e54f9f9c279a1c941c3) Importer(815301076,1909f56bfc062723c751e8b465ee728b)
Start importing Assets/SubGraph/UnityChanToonShaderVer2_Project-release-legacy-2.0/Manual/Images_jpg/Property_UTS2_05.jpg using Guid(cf6d83c2b7c28e54f9f9c279a1c941c3) Importer(815301076,1909f56bfc062723c751e8b465ee728b)  -> (artifact id: '96f7d78657e7b5a6b170ce1a55c89ff1') in 0.008437 seconds
Number of updated asset objects reloaded before import = 0
Number of asset objects unloaded after import = 2
========================================================================
Received Import Request.
  Time since last request: 1.577153 seconds.
  path: Assets/SubGraph/UnityChanToonShaderVer2_Project-release-legacy-2.0/Manual/Images_jpg/Property_UTS2_07.jpg
  artifactKey: Guid(b9afe11585c80c041b87912c4d4f3161) Importer(815301076,1909f56bfc062723c751e8b465ee728b)
Start importing Assets/SubGraph/UnityChanToonShaderVer2_Project-release-legacy-2.0/Manual/Images_jpg/Property_UTS2_07.jpg using Guid(b9afe11585c80c041b87912c4d4f3161) Importer(815301076,1909f56bfc062723c751e8b465ee728b)  -> (artifact id: '4ac966a7069f1399194c617184498995') in 0.018185 seconds
Number of updated asset objects reloaded before import = 0
Number of asset objects unloaded after import = 2
========================================================================
Received Import Request.
  Time since last request: 0.020493 seconds.
  path: Assets/SubGraph/UnityChanToonShaderVer2_Project-release-legacy-2.0/Manual/Images_jpg/Property_UTS2_09.jpg
  artifactKey: Guid(88d2733ded12cb04494bb6d6dcde9170) Importer(815301076,1909f56bfc062723c751e8b465ee728b)
Start importing Assets/SubGraph/UnityChanToonShaderVer2_Project-release-legacy-2.0/Manual/Images_jpg/Property_UTS2_09.jpg using Guid(88d2733ded12cb04494bb6d6dcde9170) Importer(815301076,1909f56bfc062723c751e8b465ee728b)  -> (artifact id: 'e8cbb9233a249196eecfbe2e9ee2dbfb') in 0.011052 seconds
Number of updated asset objects reloaded before import = 0
Number of asset objects unloaded after import = 2
========================================================================
Received Import Request.
  Time since last request: 0.000011 seconds.
  path: Assets/SubGraph/UnityChanToonShaderVer2_Project-release-legacy-2.0/Manual/Images_jpg/Property_UTS2_11.jpg
  artifactKey: Guid(0cf99c551995ff94583fc38524fe154d) Importer(815301076,1909f56bfc062723c751e8b465ee728b)
Start importing Assets/SubGraph/UnityChanToonShaderVer2_Project-release-legacy-2.0/Manual/Images_jpg/Property_UTS2_11.jpg using Guid(0cf99c551995ff94583fc38524fe154d) Importer(815301076,1909f56bfc062723c751e8b465ee728b)  -> (artifact id: '3f5d497f48852fec07aaa9e01052bff0') in 0.008732 seconds
Number of updated asset objects reloaded before import = 0
Number of asset objects unloaded after import = 2
========================================================================
Received Import Request.
  Time since last request: 21.995054 seconds.
  path: Assets/SubGraph/UnityChanToonShaderVer2_Project-release-legacy-2.0/Assets/Sample Scenes/PointLightTest/DoubleShadeWithFeather.mat
  artifactKey: Guid(0d3603ad9935e14458d549cf1af5271f) Importer(815301076,1909f56bfc062723c751e8b465ee728b)
Start importing Assets/SubGraph/UnityChanToonShaderVer2_Project-release-legacy-2.0/Assets/Sample Scenes/PointLightTest/DoubleShadeWithFeather.mat using Guid(0d3603ad9935e14458d549cf1af5271f) Importer(815301076,1909f56bfc062723c751e8b465ee728b)  -> (artifact id: '5910a02ede0dc29527b5f46c38d01d22') in 0.220665 seconds
Number of updated asset objects reloaded before import = 0
Number of asset objects unloaded after import = 2
========================================================================
Received Import Request.
  Time since last request: 0.815771 seconds.
  path: Assets/SubGraph/UnityChanToonShaderVer2_Project-release-legacy-2.0/Assets/Sample Scenes/LightAndShadows/LightAndShadows.asset
  artifactKey: Guid(69196cb5dbb69694d85a6c6a69aba49b) Importer(815301076,1909f56bfc062723c751e8b465ee728b)
Start importing Assets/SubGraph/UnityChanToonShaderVer2_Project-release-legacy-2.0/Assets/Sample Scenes/LightAndShadows/LightAndShadows.asset using Guid(69196cb5dbb69694d85a6c6a69aba49b) Importer(815301076,1909f56bfc062723c751e8b465ee728b)  -> (artifact id: '356686ab37bf61dd59c482fa4237811e') in 0.004446 seconds
Number of updated asset objects reloaded before import = 0
Number of asset objects unloaded after import = 1
========================================================================
Received Import Request.
  Time since last request: 0.777538 seconds.
  path: Assets/SubGraph/UnityChanToonShaderVer2_Project-release-legacy-2.0/Assets/Sample Scenes/ShaderBall/Model/shaderBall.fbx
  artifactKey: Guid(86213d32a687c42b88aa9f646ec81798) Importer(815301076,1909f56bfc062723c751e8b465ee728b)
Start importing Assets/SubGraph/UnityChanToonShaderVer2_Project-release-legacy-2.0/Assets/Sample Scenes/ShaderBall/Model/shaderBall.fbx using Guid(86213d32a687c42b88aa9f646ec81798) Importer(815301076,1909f56bfc062723c751e8b465ee728b)  -> (artifact id: '4bd4bc0860fde6b79b770bdd266d2c66') in 0.118480 seconds
Number of updated asset objects reloaded before import = 0
Number of asset objects unloaded after import = 36
========================================================================
Received Import Request.
  Time since last request: 0.000023 seconds.
  path: Assets/SubGraph/UnityChanToonShaderVer2_Project-release-legacy-2.0/Assets/Sample Scenes/LightAndShadows/Sky_LightAndShadows.mat
  artifactKey: Guid(ccabb0f03ea7a07439d48f441e41de8c) Importer(815301076,1909f56bfc062723c751e8b465ee728b)
Start importing Assets/SubGraph/UnityChanToonShaderVer2_Project-release-legacy-2.0/Assets/Sample Scenes/LightAndShadows/Sky_LightAndShadows.mat using Guid(ccabb0f03ea7a07439d48f441e41de8c) Importer(815301076,1909f56bfc062723c751e8b465ee728b)  -> (artifact id: '28f543f1e07837b42cc4e03fec16ab9f') in 0.007110 seconds
Number of updated asset objects reloaded before import = 0
Number of asset objects unloaded after import = 1
========================================================================
Received Import Request.
  Time since last request: 0.000020 seconds.
  path: Assets/SubGraph/UnityChanToonShaderVer2_Project-release-legacy-2.0/Assets/Sample Scenes/Sample/ShadingGradeMap.png
  artifactKey: Guid(3f4ab8380efb0cc47a99409594e52311) Importer(815301076,1909f56bfc062723c751e8b465ee728b)
Start importing Assets/SubGraph/UnityChanToonShaderVer2_Project-release-legacy-2.0/Assets/Sample Scenes/Sample/ShadingGradeMap.png using Guid(3f4ab8380efb0cc47a99409594e52311) Importer(815301076,1909f56bfc062723c751e8b465ee728b)  -> (artifact id: '1cd96b4328177e9381188faa1756dc52') in 0.009761 seconds
Number of updated asset objects reloaded before import = 0
Number of asset objects unloaded after import = 2
========================================================================
Received Import Request.
  Time since last request: 0.000055 seconds.
  path: Assets/SubGraph/UnityChanToonShaderVer2_Project-release-legacy-2.0/Assets/Sample Scenes/Sample/ShadingGradeMap.mat
  artifactKey: Guid(cb056380b83ef1543b2ea3820fec93fd) Importer(815301076,1909f56bfc062723c751e8b465ee728b)
Start importing Assets/SubGraph/UnityChanToonShaderVer2_Project-release-legacy-2.0/Assets/Sample Scenes/Sample/ShadingGradeMap.mat using Guid(cb056380b83ef1543b2ea3820fec93fd) Importer(815301076,1909f56bfc062723c751e8b465ee728b)  -> (artifact id: 'eaffdbccbb5b612508508472f2dbb9ad') in 0.141461 seconds
Number of updated asset objects reloaded before import = 0
Number of asset objects unloaded after import = 5
========================================================================
Received Prepare
Begin MonoManager ReloadAssembly
Symbol file LoadedFromMemory doesn't match image C:\Users\ljy10\RenduDevoirUnity\Library\PackageCache\com.unity.visualscripting@1.8.0\Editor\VisualScripting.Core\Dependencies\YamlDotNet\Unity.VisualScripting.YamlDotNet.dll
Symbol file LoadedFromMemory doesn't match image C:\Users\ljy10\RenduDevoirUnity\Library\PackageCache\com.unity.visualscripting@1.8.0\Editor\VisualScripting.Core\Dependencies\DotNetZip\Unity.VisualScripting.IonicZip.dll
- Loaded All Assemblies, in  0.612 seconds
Refreshing native plugins compatible for Editor in 4.59 ms, found 3 plugins.
Native extension for WindowsStandalone target not found
[Package Manager] Server::EnsureServerProcessIsRunning -- launch failed, reason: Unity was launched with the -noUpm command-line argument
[Package Manager] UpmClient::Send -- Unable to send message (not connected to UPM process).
[Package Manager] Cannot connect to Unity Package Manager local server
Mono: successfully reloaded assembly
- Finished resetting the current domain, in  0.918 seconds
Domain Reload Profiling: 1525ms
	BeginReloadAssembly (119ms)
		ExecutionOrderSort (0ms)
		DisableScriptedObjects (3ms)
		BackupInstance (0ms)
		ReleaseScriptingObjects (0ms)
		CreateAndSetChildDomain (34ms)
	RebuildCommonClasses (26ms)
	RebuildNativeTypeToScriptingClass (10ms)
	initialDomainReloadingComplete (28ms)
	LoadAllAssembliesAndSetupDomain (423ms)
		LoadAssemblies (222ms)
		RebuildTransferFunctionScriptingTraits (0ms)
		AnalyzeDomain (241ms)
			TypeCache.Refresh (235ms)
				TypeCache.ScanAssembly (227ms)
			ScanForSourceGeneratedMonoScriptInfo (3ms)
			ResolveRequiredComponents (3ms)
	FinalizeReload (918ms)
		ReleaseScriptCaches (0ms)
		RebuildScriptCaches (0ms)
		SetupLoadedEditorAssemblies (322ms)
			LogAssemblyErrors (0ms)
			InitializePlatformSupportModulesInManaged (4ms)
			SetLoadedEditorAssemblies (2ms)
			RefreshPlugins (0ms)
			BeforeProcessingInitializeOnLoad (50ms)
			ProcessInitializeOnLoadAttributes (207ms)
			ProcessInitializeOnLoadMethodAttributes (51ms)
			AfterProcessingInitializeOnLoad (8ms)
			EditorAssembliesLoaded (0ms)
		ExecutionOrderSort2 (0ms)
		AwakeInstancesAfterBackupRestoration (5ms)
Refreshing native plugins compatible for Editor in 5.38 ms, found 3 plugins.
Preloading 0 native plugins for Editor in 0.00 ms.
Unloading 4244 Unused Serialized files (Serialized files now loaded: 0)
Unloading 201 unused Assets / (21.1 MB). Loaded Objects now: 4719.
Memory consumption went from 197.4 MB to 176.3 MB.
Total: 11.211200 ms (FindLiveObjects: 0.306200 ms CreateObjectMapping: 0.138200 ms MarkObjects: 2.344300 ms  DeleteObjects: 8.421100 ms)

Prepare: number of updated asset objects reloaded= 0
AssetImportParameters requested are different than current active one (requested -> active):
  custom:container-demuxer-ogg: 62fdf1f143b41e24485cea50d1cbac27 -> 
  custom:video-codec-MediaFoundation-h265: 746d11721c4dcdbdad8f713fa42b33f4 -> 
  custom:video-decoder-ogg-theora: a1e56fd34408186e4bbccfd4996cb3dc -> 
  custom:framework-win-MediaFoundation: 216162199b28c13a410421893ffa2e32 -> 
  custom:CustomObjectIndexerAttribute: 756ad292c208cfabdd7b50bc23989ffe -> 
  custom:container-demuxer-webm: 4f35f7cbe854078d1ac9338744f61a02 -> 
  custom:container-muxer-webm: aa71ff27fc2769a1b78a27578f13a17b -> 
  custom:video-decoder-webm-vp8: 9c59270c3fd7afecdb556c50c9e8de78 -> 
  custom:SearchIndexIgnoredProperties: e643bd26f0fe6173181afceb89e7c659 -> 
  custom:AudioImporter_EditorPlatform: d09bf68614088b80899f8185d706f6e7 -> 
  custom:video-encoder-webm-vp8: eb34c28f22e8b96e1ab97ce403110664 -> 
  custom:audio-decoder-ogg-vorbis: bf7c407c2cedff20999df2af8eb42d56 -> 
  custom:audio-encoder-webm-vorbis: bf7c407c2cedff20999df2af8eb42d56 -> 
Editor requested this worker to shutdown with reason: Scaling down because of idle timeout
TcpMessagingSession - receive error
AssetImportWorkerClient::OnTransportError - code=2 error=End of file
AssetImportWorker is now disconnected from the server
Process exiting
Exiting without the bug reporter. Application will terminate with return code 0